<?xml version="1.0" encoding="UTF-8"?>
<TestRun id="948f7924-9898-4f40-b1b1-4b233ce4c2c0" name="Dzmitry_Tarasenka@EPBYMOGW0132 2017-12-11 17:27:05" runUser="MINSK\Dzmitry_Tarasenka" xmlns="http://microsoft.com/schemas/VisualStudio/TeamTest/2010">
  <TestSettings name="Default Test Settings" id="090b0ede-14d6-4a69-a910-221cc6b89066">
    <Execution>
      <TestTypeSpecific />
      <AgentRule name="Execution Agents">
      </AgentRule>
    </Execution>
    <Deployment runDeploymentRoot="Dzmitry_Tarasenka_EPBYMOGW0132 2017-12-11 17_27_05" />
    <Properties />
  </TestSettings>
  <Times creation="2017-12-11T17:27:05.4178873+03:00" queuing="2017-12-11T17:27:05.7534742+03:00" start="2017-12-11T17:27:05.8176877+03:00" finish="2017-12-11T17:27:05.9418358+03:00" />
  <ResultSummary outcome="NotRunnable">
    <Counters total="10" error="0" failed="0" timeout="0" aborted="0" inconclusive="0" passedButRunAborted="0" notRunnable="10" notExecuted="0" disconnected="0" warning="0" passed="0" completed="0" inProgress="0" pending="0" />
  </ResultSummary>
  <TestDefinitions>
    <UnitTest name="CheckAdd" storage="unittestprojectforcalc.dll" id="84ce72d6-b8f9-a144-6b0c-c777017cdd93">
      <Execution id="d6363680-1c91-4885-a6ac-ce9b1ec2bb4f" />
      <TestMethod codeBase="D:/Learn/Automation/CDP/Home Task/Task4/Code/UnitTestProjectForCalc/UnitTestProjectForCalc/bin/Debug/UnitTestProjectForCalc.dll" adapterTypeName="Microsoft.VisualStudio.TestTools.TestTypes.Unit.UnitTestAdapter, Microsoft.VisualStudio.QualityTools.Tips.UnitTest.Adapter, Version=15.0.0.0, Culture=neutral, PublicKeyToken=b03f5f7f11d50a3a" className="UnitTestProjectForCalc.Add_MS, UnitTestProjectForCalc, Version=1.0.0.0, Culture=neutral, PublicKeyToken=null" name="CheckAdd" />
    </UnitTest>
    <UnitTest name="CheckMultiply" storage="unittestprojectforcalc.dll" id="a61a9794-2c3b-d950-48d2-530adb653ac7">
      <Execution id="186b0cae-d510-45b2-8d62-44bc8333db08" />
      <TestMethod codeBase="D:/Learn/Automation/CDP/Home Task/Task4/Code/UnitTestProjectForCalc/UnitTestProjectForCalc/bin/Debug/UnitTestProjectForCalc.dll" adapterTypeName="Microsoft.VisualStudio.TestTools.TestTypes.Unit.UnitTestAdapter, Microsoft.VisualStudio.QualityTools.Tips.UnitTest.Adapter, Version=15.0.0.0, Culture=neutral, PublicKeyToken=b03f5f7f11d50a3a" className="UnitTestProjectForCalc.Multiply_MS, UnitTestProjectForCalc, Version=1.0.0.0, Culture=neutral, PublicKeyToken=null" name="CheckMultiply" />
    </UnitTest>
    <UnitTest name="CheckSub" storage="unittestprojectforcalc.dll" id="c8e5d61e-c9ae-dea4-6bfb-753d821f9014">
      <Execution id="855147f4-7a3a-40bc-a7e4-6f931bcdb7ab" />
      <TestMethod codeBase="D:/Learn/Automation/CDP/Home Task/Task4/Code/UnitTestProjectForCalc/UnitTestProjectForCalc/bin/Debug/UnitTestProjectForCalc.dll" adapterTypeName="Microsoft.VisualStudio.TestTools.TestTypes.Unit.UnitTestAdapter, Microsoft.VisualStudio.QualityTools.Tips.UnitTest.Adapter, Version=15.0.0.0, Culture=neutral, PublicKeyToken=b03f5f7f11d50a3a" className="UnitTestProjectForCalc.Sub_MS, UnitTestProjectForCalc, Version=1.0.0.0, Culture=neutral, PublicKeyToken=null" name="CheckSub" />
    </UnitTest>
    <UnitTest name="CheckSqrt" storage="unittestprojectforcalc.dll" id="74240eff-4e38-3b87-1f59-88887b4b9785">
      <Execution id="f2597f89-d3c4-4a73-85e3-7048206d38fd" />
      <TestMethod codeBase="D:/Learn/Automation/CDP/Home Task/Task4/Code/UnitTestProjectForCalc/UnitTestProjectForCalc/bin/Debug/UnitTestProjectForCalc.dll" adapterTypeName="Microsoft.VisualStudio.TestTools.TestTypes.Unit.UnitTestAdapter, Microsoft.VisualStudio.QualityTools.Tips.UnitTest.Adapter, Version=15.0.0.0, Culture=neutral, PublicKeyToken=b03f5f7f11d50a3a" className="UnitTestProjectForCalc.Sqrt, UnitTestProjectForCalc, Version=1.0.0.0, Culture=neutral, PublicKeyToken=null" name="CheckSqrt" />
    </UnitTest>
    <UnitTest name="CheckDev" storage="unittestprojectforcalc.dll" id="89d66ad2-ce34-9cb2-943d-e289cb63e478">
      <Execution id="66587adb-e33d-4566-93bb-392d1ee923f1" />
      <TestMethod codeBase="D:/Learn/Automation/CDP/Home Task/Task4/Code/UnitTestProjectForCalc/UnitTestProjectForCalc/bin/Debug/UnitTestProjectForCalc.dll" adapterTypeName="Microsoft.VisualStudio.TestTools.TestTypes.Unit.UnitTestAdapter, Microsoft.VisualStudio.QualityTools.Tips.UnitTest.Adapter, Version=15.0.0.0, Culture=neutral, PublicKeyToken=b03f5f7f11d50a3a" className="UnitTestProjectForCalc.Devide_MS, UnitTestProjectForCalc, Version=1.0.0.0, Culture=neutral, PublicKeyToken=null" name="CheckDev" />
    </UnitTest>
    <UnitTest name="CheckSin" storage="unittestprojectforcalc.dll" id="18ed01ea-5997-8232-a0a7-1bd9b6debc05">
      <Execution id="1335f15f-8af6-40c5-80b7-793bdadf81a8" />
      <TestMethod codeBase="D:/Learn/Automation/CDP/Home Task/Task4/Code/UnitTestProjectForCalc/UnitTestProjectForCalc/bin/Debug/UnitTestProjectForCalc.dll" adapterTypeName="Microsoft.VisualStudio.TestTools.TestTypes.Unit.UnitTestAdapter, Microsoft.VisualStudio.QualityTools.Tips.UnitTest.Adapter, Version=15.0.0.0, Culture=neutral, PublicKeyToken=b03f5f7f11d50a3a" className="UnitTestProjectForCalc.Sin_MS, UnitTestProjectForCalc, Version=1.0.0.0, Culture=neutral, PublicKeyToken=null" name="CheckSin" />
    </UnitTest>
    <UnitTest name="CheckAbs" storage="unittestprojectforcalc.dll" id="3b9ed0b2-3397-f682-ab84-bf7f159c1cc2">
      <Execution id="bf8e699b-0252-471b-9fcf-9d20c133bbf8" />
      <TestMethod codeBase="D:/Learn/Automation/CDP/Home Task/Task4/Code/UnitTestProjectForCalc/UnitTestProjectForCalc/bin/Debug/UnitTestProjectForCalc.dll" adapterTypeName="Microsoft.VisualStudio.TestTools.TestTypes.Unit.UnitTestAdapter, Microsoft.VisualStudio.QualityTools.Tips.UnitTest.Adapter, Version=15.0.0.0, Culture=neutral, PublicKeyToken=b03f5f7f11d50a3a" className="UnitTestProjectForCalc.Abs_MS, UnitTestProjectForCalc, Version=1.0.0.0, Culture=neutral, PublicKeyToken=null" name="CheckAbs" />
    </UnitTest>
    <UnitTest name="CheckPow" storage="unittestprojectforcalc.dll" id="24da2019-d022-fe71-0506-2e33c4f3c76c">
      <Execution id="028532fe-6361-4f78-8c4c-b6299b4303e7" />
      <TestMethod codeBase="D:/Learn/Automation/CDP/Home Task/Task4/Code/UnitTestProjectForCalc/UnitTestProjectForCalc/bin/Debug/UnitTestProjectForCalc.dll" adapterTypeName="Microsoft.VisualStudio.TestTools.TestTypes.Unit.UnitTestAdapter, Microsoft.VisualStudio.QualityTools.Tips.UnitTest.Adapter, Version=15.0.0.0, Culture=neutral, PublicKeyToken=b03f5f7f11d50a3a" className="UnitTestProjectForCalc.Pow_MS, UnitTestProjectForCalc, Version=1.0.0.0, Culture=neutral, PublicKeyToken=null" name="CheckPow" />
    </UnitTest>
    <UnitTest name="CheckCos" storage="unittestprojectforcalc.dll" id="cba1103f-2ed3-2c1d-31d4-d8ca13907e5e">
      <Execution id="0da9bdbd-4ab9-4af3-a649-8da989914b79" />
      <TestMethod codeBase="D:/Learn/Automation/CDP/Home Task/Task4/Code/UnitTestProjectForCalc/UnitTestProjectForCalc/bin/Debug/UnitTestProjectForCalc.dll" adapterTypeName="Microsoft.VisualStudio.TestTools.TestTypes.Unit.UnitTestAdapter, Microsoft.VisualStudio.QualityTools.Tips.UnitTest.Adapter, Version=15.0.0.0, Culture=neutral, PublicKeyToken=b03f5f7f11d50a3a" className="UnitTestProjectForCalc.Cos_MS, UnitTestProjectForCalc, Version=1.0.0.0, Culture=neutral, PublicKeyToken=null" name="CheckCos" />
    </UnitTest>
    <UnitTest name="CheckisPositive" storage="unittestprojectforcalc.dll" id="6cf258c7-28fe-c53d-e311-cc4b42cd001d">
      <Execution id="8a726232-b540-4c07-9e5f-8091d73f96de" />
      <TestMethod codeBase="D:/Learn/Automation/CDP/Home Task/Task4/Code/UnitTestProjectForCalc/UnitTestProjectForCalc/bin/Debug/UnitTestProjectForCalc.dll" adapterTypeName="Microsoft.VisualStudio.TestTools.TestTypes.Unit.UnitTestAdapter, Microsoft.VisualStudio.QualityTools.Tips.UnitTest.Adapter, Version=15.0.0.0, Culture=neutral, PublicKeyToken=b03f5f7f11d50a3a" className="UnitTestProjectForCalc.Positive_MS, UnitTestProjectForCalc, Version=1.0.0.0, Culture=neutral, PublicKeyToken=null" name="CheckisPositive" />
    </UnitTest>
  </TestDefinitions>
  <TestLists>
    <TestList name="Results Not in a List" id="8c84fa94-04c1-424b-9868-57a2d4851a1d" />
    <TestList name="All Loaded Results" id="19431567-8539-422a-85d7-44ee4e166bda" />
  </TestLists>
  <TestEntries>
    <TestEntry testId="3b9ed0b2-3397-f682-ab84-bf7f159c1cc2" executionId="bf8e699b-0252-471b-9fcf-9d20c133bbf8" testListId="8c84fa94-04c1-424b-9868-57a2d4851a1d" />
    <TestEntry testId="84ce72d6-b8f9-a144-6b0c-c777017cdd93" executionId="d6363680-1c91-4885-a6ac-ce9b1ec2bb4f" testListId="8c84fa94-04c1-424b-9868-57a2d4851a1d" />
    <TestEntry testId="cba1103f-2ed3-2c1d-31d4-d8ca13907e5e" executionId="0da9bdbd-4ab9-4af3-a649-8da989914b79" testListId="8c84fa94-04c1-424b-9868-57a2d4851a1d" />
    <TestEntry testId="89d66ad2-ce34-9cb2-943d-e289cb63e478" executionId="66587adb-e33d-4566-93bb-392d1ee923f1" testListId="8c84fa94-04c1-424b-9868-57a2d4851a1d" />
    <TestEntry testId="a61a9794-2c3b-d950-48d2-530adb653ac7" executionId="186b0cae-d510-45b2-8d62-44bc8333db08" testListId="8c84fa94-04c1-424b-9868-57a2d4851a1d" />
    <TestEntry testId="6cf258c7-28fe-c53d-e311-cc4b42cd001d" executionId="8a726232-b540-4c07-9e5f-8091d73f96de" testListId="8c84fa94-04c1-424b-9868-57a2d4851a1d" />
    <TestEntry testId="24da2019-d022-fe71-0506-2e33c4f3c76c" executionId="028532fe-6361-4f78-8c4c-b6299b4303e7" testListId="8c84fa94-04c1-424b-9868-57a2d4851a1d" />
    <TestEntry testId="18ed01ea-5997-8232-a0a7-1bd9b6debc05" executionId="1335f15f-8af6-40c5-80b7-793bdadf81a8" testListId="8c84fa94-04c1-424b-9868-57a2d4851a1d" />
    <TestEntry testId="74240eff-4e38-3b87-1f59-88887b4b9785" executionId="f2597f89-d3c4-4a73-85e3-7048206d38fd" testListId="8c84fa94-04c1-424b-9868-57a2d4851a1d" />
    <TestEntry testId="c8e5d61e-c9ae-dea4-6bfb-753d821f9014" executionId="855147f4-7a3a-40bc-a7e4-6f931bcdb7ab" testListId="8c84fa94-04c1-424b-9868-57a2d4851a1d" />
  </TestEntries>
  <Results>
    <UnitTestResult executionId="bf8e699b-0252-471b-9fcf-9d20c133bbf8" testId="3b9ed0b2-3397-f682-ab84-bf7f159c1cc2" testName="CheckAbs" computerName="EPBYMOGW0132" testType="13cdc9d9-ddb5-4fa4-a97d-d965ccfc6d4b" outcome="NotRunnable" testListId="8c84fa94-04c1-424b-9868-57a2d4851a1d" relativeResultsDirectory="bf8e699b-0252-471b-9fcf-9d20c133bbf8">
      <Output>
        <ErrorInfo>
          <Message>UTA007: Method CheckAbs defined in class UnitTestProjectForCalc.Abs_MS does not have correct signature. Test method marked with the [TestMethod] attribute must be non-static, public, does not return a value and should not take any parameter. for example: public void Test.Class1.Test().  Additionally, return-type must be Task if you are running async unit tests. Example: public async Task Test.Class1.Test2().</Message>
        </ErrorInfo>
      </Output>
    </UnitTestResult>
    <UnitTestResult executionId="d6363680-1c91-4885-a6ac-ce9b1ec2bb4f" testId="84ce72d6-b8f9-a144-6b0c-c777017cdd93" testName="CheckAdd" computerName="EPBYMOGW0132" testType="13cdc9d9-ddb5-4fa4-a97d-d965ccfc6d4b" outcome="NotRunnable" testListId="8c84fa94-04c1-424b-9868-57a2d4851a1d" relativeResultsDirectory="d6363680-1c91-4885-a6ac-ce9b1ec2bb4f">
      <Output>
        <ErrorInfo>
          <Message>UTA007: Method CheckAdd defined in class UnitTestProjectForCalc.Add_MS does not have correct signature. Test method marked with the [TestMethod] attribute must be non-static, public, does not return a value and should not take any parameter. for example: public void Test.Class1.Test().  Additionally, return-type must be Task if you are running async unit tests. Example: public async Task Test.Class1.Test2().</Message>
        </ErrorInfo>
      </Output>
    </UnitTestResult>
    <UnitTestResult executionId="0da9bdbd-4ab9-4af3-a649-8da989914b79" testId="cba1103f-2ed3-2c1d-31d4-d8ca13907e5e" testName="CheckCos" computerName="EPBYMOGW0132" testType="13cdc9d9-ddb5-4fa4-a97d-d965ccfc6d4b" outcome="NotRunnable" testListId="8c84fa94-04c1-424b-9868-57a2d4851a1d" relativeResultsDirectory="0da9bdbd-4ab9-4af3-a649-8da989914b79">
      <Output>
        <ErrorInfo>
          <Message>UTA007: Method CheckCos defined in class UnitTestProjectForCalc.Cos_MS does not have correct signature. Test method marked with the [TestMethod] attribute must be non-static, public, does not return a value and should not take any parameter. for example: public void Test.Class1.Test().  Additionally, return-type must be Task if you are running async unit tests. Example: public async Task Test.Class1.Test2().</Message>
        </ErrorInfo>
      </Output>
    </UnitTestResult>
    <UnitTestResult executionId="66587adb-e33d-4566-93bb-392d1ee923f1" testId="89d66ad2-ce34-9cb2-943d-e289cb63e478" testName="CheckDev" computerName="EPBYMOGW0132" testType="13cdc9d9-ddb5-4fa4-a97d-d965ccfc6d4b" outcome="NotRunnable" testListId="8c84fa94-04c1-424b-9868-57a2d4851a1d" relativeResultsDirectory="66587adb-e33d-4566-93bb-392d1ee923f1">
      <Output>
        <ErrorInfo>
          <Message>UTA007: Method CheckDev defined in class UnitTestProjectForCalc.Devide_MS does not have correct signature. Test method marked with the [TestMethod] attribute must be non-static, public, does not return a value and should not take any parameter. for example: public void Test.Class1.Test().  Additionally, return-type must be Task if you are running async unit tests. Example: public async Task Test.Class1.Test2().</Message>
        </ErrorInfo>
      </Output>
    </UnitTestResult>
    <UnitTestResult executionId="186b0cae-d510-45b2-8d62-44bc8333db08" testId="a61a9794-2c3b-d950-48d2-530adb653ac7" testName="CheckMultiply" computerName="EPBYMOGW0132" testType="13cdc9d9-ddb5-4fa4-a97d-d965ccfc6d4b" outcome="NotRunnable" testListId="8c84fa94-04c1-424b-9868-57a2d4851a1d" relativeResultsDirectory="186b0cae-d510-45b2-8d62-44bc8333db08">
      <Output>
        <ErrorInfo>
          <Message>UTA007: Method CheckMultiply defined in class UnitTestProjectForCalc.Multiply_MS does not have correct signature. Test method marked with the [TestMethod] attribute must be non-static, public, does not return a value and should not take any parameter. for example: public void Test.Class1.Test().  Additionally, return-type must be Task if you are running async unit tests. Example: public async Task Test.Class1.Test2().</Message>
        </ErrorInfo>
      </Output>
    </UnitTestResult>
    <UnitTestResult executionId="8a726232-b540-4c07-9e5f-8091d73f96de" testId="6cf258c7-28fe-c53d-e311-cc4b42cd001d" testName="CheckisPositive" computerName="EPBYMOGW0132" testType="13cdc9d9-ddb5-4fa4-a97d-d965ccfc6d4b" outcome="NotRunnable" testListId="8c84fa94-04c1-424b-9868-57a2d4851a1d" relativeResultsDirectory="8a726232-b540-4c07-9e5f-8091d73f96de">
      <Output>
        <ErrorInfo>
          <Message>UTA007: Method CheckisPositive defined in class UnitTestProjectForCalc.Positive_MS does not have correct signature. Test method marked with the [TestMethod] attribute must be non-static, public, does not return a value and should not take any parameter. for example: public void Test.Class1.Test().  Additionally, return-type must be Task if you are running async unit tests. Example: public async Task Test.Class1.Test2().</Message>
        </ErrorInfo>
      </Output>
    </UnitTestResult>
    <UnitTestResult executionId="028532fe-6361-4f78-8c4c-b6299b4303e7" testId="24da2019-d022-fe71-0506-2e33c4f3c76c" testName="CheckPow" computerName="EPBYMOGW0132" testType="13cdc9d9-ddb5-4fa4-a97d-d965ccfc6d4b" outcome="NotRunnable" testListId="8c84fa94-04c1-424b-9868-57a2d4851a1d" relativeResultsDirectory="028532fe-6361-4f78-8c4c-b6299b4303e7">
      <Output>
        <ErrorInfo>
          <Message>UTA007: Method CheckPow defined in class UnitTestProjectForCalc.Pow_MS does not have correct signature. Test method marked with the [TestMethod] attribute must be non-static, public, does not return a value and should not take any parameter. for example: public void Test.Class1.Test().  Additionally, return-type must be Task if you are running async unit tests. Example: public async Task Test.Class1.Test2().</Message>
        </ErrorInfo>
      </Output>
    </UnitTestResult>
    <UnitTestResult executionId="1335f15f-8af6-40c5-80b7-793bdadf81a8" testId="18ed01ea-5997-8232-a0a7-1bd9b6debc05" testName="CheckSin" computerName="EPBYMOGW0132" testType="13cdc9d9-ddb5-4fa4-a97d-d965ccfc6d4b" outcome="NotRunnable" testListId="8c84fa94-04c1-424b-9868-57a2d4851a1d" relativeResultsDirectory="1335f15f-8af6-40c5-80b7-793bdadf81a8">
      <Output>
        <ErrorInfo>
          <Message>UTA007: Method CheckSin defined in class UnitTestProjectForCalc.Sin_MS does not have correct signature. Test method marked with the [TestMethod] attribute must be non-static, public, does not return a value and should not take any parameter. for example: public void Test.Class1.Test().  Additionally, return-type must be Task if you are running async unit tests. Example: public async Task Test.Class1.Test2().</Message>
        </ErrorInfo>
      </Output>
    </UnitTestResult>
    <UnitTestResult executionId="f2597f89-d3c4-4a73-85e3-7048206d38fd" testId="74240eff-4e38-3b87-1f59-88887b4b9785" testName="CheckSqrt" computerName="EPBYMOGW0132" testType="13cdc9d9-ddb5-4fa4-a97d-d965ccfc6d4b" outcome="NotRunnable" testListId="8c84fa94-04c1-424b-9868-57a2d4851a1d" relativeResultsDirectory="f2597f89-d3c4-4a73-85e3-7048206d38fd">
      <Output>
        <ErrorInfo>
          <Message>UTA007: Method CheckSqrt defined in class UnitTestProjectForCalc.Sqrt does not have correct signature. Test method marked with the [TestMethod] attribute must be non-static, public, does not return a value and should not take any parameter. for example: public void Test.Class1.Test().  Additionally, return-type must be Task if you are running async unit tests. Example: public async Task Test.Class1.Test2().</Message>
        </ErrorInfo>
      </Output>
    </UnitTestResult>
    <UnitTestResult executionId="855147f4-7a3a-40bc-a7e4-6f931bcdb7ab" testId="c8e5d61e-c9ae-dea4-6bfb-753d821f9014" testName="CheckSub" computerName="EPBYMOGW0132" testType="13cdc9d9-ddb5-4fa4-a97d-d965ccfc6d4b" outcome="NotRunnable" testListId="8c84fa94-04c1-424b-9868-57a2d4851a1d" relativeResultsDirectory="855147f4-7a3a-40bc-a7e4-6f931bcdb7ab">
      <Output>
        <ErrorInfo>
          <Message>UTA007: Method CheckSub defined in class UnitTestProjectForCalc.Sub_MS does not have correct signature. Test method marked with the [TestMethod] attribute must be non-static, public, does not return a value and should not take any parameter. for example: public void Test.Class1.Test().  Additionally, return-type must be Task if you are running async unit tests. Example: public async Task Test.Class1.Test2().</Message>
        </ErrorInfo>
      </Output>
    </UnitTestResult>
  </Results>
</TestRun>