<?xml version="1.0" encoding="UTF-8"?>
<TestRun id="18735000-fa4b-49be-9b4b-4382f4aaca08" name="Dzmitry_Tarasenka@EPBYMOGW0132 2017-12-11 17:42:33" runUser="MINSK\Dzmitry_Tarasenka" xmlns="http://microsoft.com/schemas/VisualStudio/TeamTest/2010">
  <TestSettings name="Default Test Settings" id="15d8e735-4ad6-4560-84ea-f92689a104a2">
    <Execution>
      <TestTypeSpecific />
      <AgentRule name="Execution Agents">
      </AgentRule>
    </Execution>
    <Deployment runDeploymentRoot="Dzmitry_Tarasenka_EPBYMOGW0132 2017-12-11 17_42_33" />
    <Properties />
  </TestSettings>
  <Times creation="2017-12-11T17:42:33.1822807+03:00" queuing="2017-12-11T17:42:33.4974341+03:00" start="2017-12-11T17:42:33.5515714+03:00" finish="2017-12-11T17:42:33.6328224+03:00" />
  <ResultSummary outcome="NotRunnable">
    <Counters total="11" error="0" failed="0" timeout="0" aborted="0" inconclusive="0" passedButRunAborted="0" notRunnable="11" notExecuted="0" disconnected="0" warning="0" passed="0" completed="0" inProgress="0" pending="0" />
  </ResultSummary>
  <TestDefinitions>
    <UnitTest name="CheckAdd" storage="unittestprojectforcalc.dll" id="84ce72d6-b8f9-a144-6b0c-c777017cdd93">
      <Execution id="63102c24-52d6-4534-badc-150cb9e4c3a7" />
      <TestMethod codeBase="D:/Learn/Automation/CDP/Home Task/Task4/Code/UnitTestProjectForCalc/UnitTestProjectForCalc/bin/Debug/UnitTestProjectForCalc.dll" adapterTypeName="Microsoft.VisualStudio.TestTools.TestTypes.Unit.UnitTestAdapter, Microsoft.VisualStudio.QualityTools.Tips.UnitTest.Adapter, Version=15.0.0.0, Culture=neutral, PublicKeyToken=b03f5f7f11d50a3a" className="UnitTestProjectForCalc.Add_MS, UnitTestProjectForCalc, Version=1.0.0.0, Culture=neutral, PublicKeyToken=null" name="CheckAdd" />
    </UnitTest>
    <UnitTest name="CheckMultiply" storage="unittestprojectforcalc.dll" id="a61a9794-2c3b-d950-48d2-530adb653ac7">
      <Execution id="fb130cdd-630e-4383-a8c9-2a7b1315f50e" />
      <TestMethod codeBase="D:/Learn/Automation/CDP/Home Task/Task4/Code/UnitTestProjectForCalc/UnitTestProjectForCalc/bin/Debug/UnitTestProjectForCalc.dll" adapterTypeName="Microsoft.VisualStudio.TestTools.TestTypes.Unit.UnitTestAdapter, Microsoft.VisualStudio.QualityTools.Tips.UnitTest.Adapter, Version=15.0.0.0, Culture=neutral, PublicKeyToken=b03f5f7f11d50a3a" className="UnitTestProjectForCalc.Multiply_MS, UnitTestProjectForCalc, Version=1.0.0.0, Culture=neutral, PublicKeyToken=null" name="CheckMultiply" />
    </UnitTest>
    <UnitTest name="CheckisNegative" storage="unittestprojectforcalc.dll" id="89903315-d2a0-776d-b116-11736ac94c37">
      <Execution id="1dd95ce8-7d3a-41b5-b82b-d2b8d2d29bbd" />
      <TestMethod codeBase="D:/Learn/Automation/CDP/Home Task/Task4/Code/UnitTestProjectForCalc/UnitTestProjectForCalc/bin/Debug/UnitTestProjectForCalc.dll" adapterTypeName="Microsoft.VisualStudio.TestTools.TestTypes.Unit.UnitTestAdapter, Microsoft.VisualStudio.QualityTools.Tips.UnitTest.Adapter, Version=15.0.0.0, Culture=neutral, PublicKeyToken=b03f5f7f11d50a3a" className="UnitTestProjectForCalc.Negative_MS, UnitTestProjectForCalc, Version=1.0.0.0, Culture=neutral, PublicKeyToken=null" name="CheckisNegative" />
    </UnitTest>
    <UnitTest name="CheckSub" storage="unittestprojectforcalc.dll" id="c8e5d61e-c9ae-dea4-6bfb-753d821f9014">
      <Execution id="bd638ef3-2638-475d-80e8-53b54a2d74ea" />
      <TestMethod codeBase="D:/Learn/Automation/CDP/Home Task/Task4/Code/UnitTestProjectForCalc/UnitTestProjectForCalc/bin/Debug/UnitTestProjectForCalc.dll" adapterTypeName="Microsoft.VisualStudio.TestTools.TestTypes.Unit.UnitTestAdapter, Microsoft.VisualStudio.QualityTools.Tips.UnitTest.Adapter, Version=15.0.0.0, Culture=neutral, PublicKeyToken=b03f5f7f11d50a3a" className="UnitTestProjectForCalc.Sub_MS, UnitTestProjectForCalc, Version=1.0.0.0, Culture=neutral, PublicKeyToken=null" name="CheckSub" />
    </UnitTest>
    <UnitTest name="CheckSqrt" storage="unittestprojectforcalc.dll" id="74240eff-4e38-3b87-1f59-88887b4b9785">
      <Execution id="b28eee48-837f-4ae6-8852-5f0a33ad7c97" />
      <TestMethod codeBase="D:/Learn/Automation/CDP/Home Task/Task4/Code/UnitTestProjectForCalc/UnitTestProjectForCalc/bin/Debug/UnitTestProjectForCalc.dll" adapterTypeName="Microsoft.VisualStudio.TestTools.TestTypes.Unit.UnitTestAdapter, Microsoft.VisualStudio.QualityTools.Tips.UnitTest.Adapter, Version=15.0.0.0, Culture=neutral, PublicKeyToken=b03f5f7f11d50a3a" className="UnitTestProjectForCalc.Sqrt, UnitTestProjectForCalc, Version=1.0.0.0, Culture=neutral, PublicKeyToken=null" name="CheckSqrt" />
    </UnitTest>
    <UnitTest name="CheckDev" storage="unittestprojectforcalc.dll" id="89d66ad2-ce34-9cb2-943d-e289cb63e478">
      <Execution id="d3c4104f-ab5a-44ee-bcba-4b7d4a96a71f" />
      <TestMethod codeBase="D:/Learn/Automation/CDP/Home Task/Task4/Code/UnitTestProjectForCalc/UnitTestProjectForCalc/bin/Debug/UnitTestProjectForCalc.dll" adapterTypeName="Microsoft.VisualStudio.TestTools.TestTypes.Unit.UnitTestAdapter, Microsoft.VisualStudio.QualityTools.Tips.UnitTest.Adapter, Version=15.0.0.0, Culture=neutral, PublicKeyToken=b03f5f7f11d50a3a" className="UnitTestProjectForCalc.Devide_MS, UnitTestProjectForCalc, Version=1.0.0.0, Culture=neutral, PublicKeyToken=null" name="CheckDev" />
    </UnitTest>
    <UnitTest name="CheckSin" storage="unittestprojectforcalc.dll" id="18ed01ea-5997-8232-a0a7-1bd9b6debc05">
      <Execution id="1f5c8c80-7fcf-46fd-b1a1-d7c2f8c1e432" />
      <TestMethod codeBase="D:/Learn/Automation/CDP/Home Task/Task4/Code/UnitTestProjectForCalc/UnitTestProjectForCalc/bin/Debug/UnitTestProjectForCalc.dll" adapterTypeName="Microsoft.VisualStudio.TestTools.TestTypes.Unit.UnitTestAdapter, Microsoft.VisualStudio.QualityTools.Tips.UnitTest.Adapter, Version=15.0.0.0, Culture=neutral, PublicKeyToken=b03f5f7f11d50a3a" className="UnitTestProjectForCalc.Sin_MS, UnitTestProjectForCalc, Version=1.0.0.0, Culture=neutral, PublicKeyToken=null" name="CheckSin" />
    </UnitTest>
    <UnitTest name="CheckAbs" storage="unittestprojectforcalc.dll" id="3b9ed0b2-3397-f682-ab84-bf7f159c1cc2">
      <Execution id="18370d44-087f-4ae1-800b-dfdb1856641b" />
      <TestMethod codeBase="D:/Learn/Automation/CDP/Home Task/Task4/Code/UnitTestProjectForCalc/UnitTestProjectForCalc/bin/Debug/UnitTestProjectForCalc.dll" adapterTypeName="Microsoft.VisualStudio.TestTools.TestTypes.Unit.UnitTestAdapter, Microsoft.VisualStudio.QualityTools.Tips.UnitTest.Adapter, Version=15.0.0.0, Culture=neutral, PublicKeyToken=b03f5f7f11d50a3a" className="UnitTestProjectForCalc.Abs_MS, UnitTestProjectForCalc, Version=1.0.0.0, Culture=neutral, PublicKeyToken=null" name="CheckAbs" />
    </UnitTest>
    <UnitTest name="CheckPow" storage="unittestprojectforcalc.dll" id="24da2019-d022-fe71-0506-2e33c4f3c76c">
      <Execution id="11ef53b5-b1a8-4ebc-a942-fe5f6a3e9f6e" />
      <TestMethod codeBase="D:/Learn/Automation/CDP/Home Task/Task4/Code/UnitTestProjectForCalc/UnitTestProjectForCalc/bin/Debug/UnitTestProjectForCalc.dll" adapterTypeName="Microsoft.VisualStudio.TestTools.TestTypes.Unit.UnitTestAdapter, Microsoft.VisualStudio.QualityTools.Tips.UnitTest.Adapter, Version=15.0.0.0, Culture=neutral, PublicKeyToken=b03f5f7f11d50a3a" className="UnitTestProjectForCalc.Pow_MS, UnitTestProjectForCalc, Version=1.0.0.0, Culture=neutral, PublicKeyToken=null" name="CheckPow" />
    </UnitTest>
    <UnitTest name="CheckCos" storage="unittestprojectforcalc.dll" id="cba1103f-2ed3-2c1d-31d4-d8ca13907e5e">
      <Execution id="523e2724-9f59-463e-8a6d-f683e054af3c" />
      <TestMethod codeBase="D:/Learn/Automation/CDP/Home Task/Task4/Code/UnitTestProjectForCalc/UnitTestProjectForCalc/bin/Debug/UnitTestProjectForCalc.dll" adapterTypeName="Microsoft.VisualStudio.TestTools.TestTypes.Unit.UnitTestAdapter, Microsoft.VisualStudio.QualityTools.Tips.UnitTest.Adapter, Version=15.0.0.0, Culture=neutral, PublicKeyToken=b03f5f7f11d50a3a" className="UnitTestProjectForCalc.Cos_MS, UnitTestProjectForCalc, Version=1.0.0.0, Culture=neutral, PublicKeyToken=null" name="CheckCos" />
    </UnitTest>
    <UnitTest name="CheckisPositive" storage="unittestprojectforcalc.dll" id="6cf258c7-28fe-c53d-e311-cc4b42cd001d">
      <Execution id="c5a77c8b-be0a-48c8-96d8-6a1549f37e04" />
      <TestMethod codeBase="D:/Learn/Automation/CDP/Home Task/Task4/Code/UnitTestProjectForCalc/UnitTestProjectForCalc/bin/Debug/UnitTestProjectForCalc.dll" adapterTypeName="Microsoft.VisualStudio.TestTools.TestTypes.Unit.UnitTestAdapter, Microsoft.VisualStudio.QualityTools.Tips.UnitTest.Adapter, Version=15.0.0.0, Culture=neutral, PublicKeyToken=b03f5f7f11d50a3a" className="UnitTestProjectForCalc.Positive_MS, UnitTestProjectForCalc, Version=1.0.0.0, Culture=neutral, PublicKeyToken=null" name="CheckisPositive" />
    </UnitTest>
  </TestDefinitions>
  <TestLists>
    <TestList name="Results Not in a List" id="8c84fa94-04c1-424b-9868-57a2d4851a1d" />
    <TestList name="All Loaded Results" id="19431567-8539-422a-85d7-44ee4e166bda" />
  </TestLists>
  <TestEntries>
    <TestEntry testId="3b9ed0b2-3397-f682-ab84-bf7f159c1cc2" executionId="18370d44-087f-4ae1-800b-dfdb1856641b" testListId="8c84fa94-04c1-424b-9868-57a2d4851a1d" />
    <TestEntry testId="84ce72d6-b8f9-a144-6b0c-c777017cdd93" executionId="63102c24-52d6-4534-badc-150cb9e4c3a7" testListId="8c84fa94-04c1-424b-9868-57a2d4851a1d" />
    <TestEntry testId="cba1103f-2ed3-2c1d-31d4-d8ca13907e5e" executionId="523e2724-9f59-463e-8a6d-f683e054af3c" testListId="8c84fa94-04c1-424b-9868-57a2d4851a1d" />
    <TestEntry testId="89d66ad2-ce34-9cb2-943d-e289cb63e478" executionId="d3c4104f-ab5a-44ee-bcba-4b7d4a96a71f" testListId="8c84fa94-04c1-424b-9868-57a2d4851a1d" />
    <TestEntry testId="a61a9794-2c3b-d950-48d2-530adb653ac7" executionId="fb130cdd-630e-4383-a8c9-2a7b1315f50e" testListId="8c84fa94-04c1-424b-9868-57a2d4851a1d" />
    <TestEntry testId="89903315-d2a0-776d-b116-11736ac94c37" executionId="1dd95ce8-7d3a-41b5-b82b-d2b8d2d29bbd" testListId="8c84fa94-04c1-424b-9868-57a2d4851a1d" />
    <TestEntry testId="6cf258c7-28fe-c53d-e311-cc4b42cd001d" executionId="c5a77c8b-be0a-48c8-96d8-6a1549f37e04" testListId="8c84fa94-04c1-424b-9868-57a2d4851a1d" />
    <TestEntry testId="24da2019-d022-fe71-0506-2e33c4f3c76c" executionId="11ef53b5-b1a8-4ebc-a942-fe5f6a3e9f6e" testListId="8c84fa94-04c1-424b-9868-57a2d4851a1d" />
    <TestEntry testId="18ed01ea-5997-8232-a0a7-1bd9b6debc05" executionId="1f5c8c80-7fcf-46fd-b1a1-d7c2f8c1e432" testListId="8c84fa94-04c1-424b-9868-57a2d4851a1d" />
    <TestEntry testId="74240eff-4e38-3b87-1f59-88887b4b9785" executionId="b28eee48-837f-4ae6-8852-5f0a33ad7c97" testListId="8c84fa94-04c1-424b-9868-57a2d4851a1d" />
    <TestEntry testId="c8e5d61e-c9ae-dea4-6bfb-753d821f9014" executionId="bd638ef3-2638-475d-80e8-53b54a2d74ea" testListId="8c84fa94-04c1-424b-9868-57a2d4851a1d" />
  </TestEntries>
  <Results>
    <UnitTestResult executionId="18370d44-087f-4ae1-800b-dfdb1856641b" testId="3b9ed0b2-3397-f682-ab84-bf7f159c1cc2" testName="CheckAbs" computerName="EPBYMOGW0132" testType="13cdc9d9-ddb5-4fa4-a97d-d965ccfc6d4b" outcome="NotRunnable" testListId="8c84fa94-04c1-424b-9868-57a2d4851a1d" relativeResultsDirectory="18370d44-087f-4ae1-800b-dfdb1856641b">
      <Output>
        <ErrorInfo>
          <Message>UTA007: Method CheckAbs defined in class UnitTestProjectForCalc.Abs_MS does not have correct signature. Test method marked with the [TestMethod] attribute must be non-static, public, does not return a value and should not take any parameter. for example: public void Test.Class1.Test().  Additionally, return-type must be Task if you are running async unit tests. Example: public async Task Test.Class1.Test2().</Message>
        </ErrorInfo>
      </Output>
    </UnitTestResult>
    <UnitTestResult executionId="63102c24-52d6-4534-badc-150cb9e4c3a7" testId="84ce72d6-b8f9-a144-6b0c-c777017cdd93" testName="CheckAdd" computerName="EPBYMOGW0132" testType="13cdc9d9-ddb5-4fa4-a97d-d965ccfc6d4b" outcome="NotRunnable" testListId="8c84fa94-04c1-424b-9868-57a2d4851a1d" relativeResultsDirectory="63102c24-52d6-4534-badc-150cb9e4c3a7">
      <Output>
        <ErrorInfo>
          <Message>UTA007: Method CheckAdd defined in class UnitTestProjectForCalc.Add_MS does not have correct signature. Test method marked with the [TestMethod] attribute must be non-static, public, does not return a value and should not take any parameter. for example: public void Test.Class1.Test().  Additionally, return-type must be Task if you are running async unit tests. Example: public async Task Test.Class1.Test2().</Message>
        </ErrorInfo>
      </Output>
    </UnitTestResult>
    <UnitTestResult executionId="523e2724-9f59-463e-8a6d-f683e054af3c" testId="cba1103f-2ed3-2c1d-31d4-d8ca13907e5e" testName="CheckCos" computerName="EPBYMOGW0132" testType="13cdc9d9-ddb5-4fa4-a97d-d965ccfc6d4b" outcome="NotRunnable" testListId="8c84fa94-04c1-424b-9868-57a2d4851a1d" relativeResultsDirectory="523e2724-9f59-463e-8a6d-f683e054af3c">
      <Output>
        <ErrorInfo>
          <Message>UTA007: Method CheckCos defined in class UnitTestProjectForCalc.Cos_MS does not have correct signature. Test method marked with the [TestMethod] attribute must be non-static, public, does not return a value and should not take any parameter. for example: public void Test.Class1.Test().  Additionally, return-type must be Task if you are running async unit tests. Example: public async Task Test.Class1.Test2().</Message>
        </ErrorInfo>
      </Output>
    </UnitTestResult>
    <UnitTestResult executionId="d3c4104f-ab5a-44ee-bcba-4b7d4a96a71f" testId="89d66ad2-ce34-9cb2-943d-e289cb63e478" testName="CheckDev" computerName="EPBYMOGW0132" testType="13cdc9d9-ddb5-4fa4-a97d-d965ccfc6d4b" outcome="NotRunnable" testListId="8c84fa94-04c1-424b-9868-57a2d4851a1d" relativeResultsDirectory="d3c4104f-ab5a-44ee-bcba-4b7d4a96a71f">
      <Output>
        <ErrorInfo>
          <Message>UTA007: Method CheckDev defined in class UnitTestProjectForCalc.Devide_MS does not have correct signature. Test method marked with the [TestMethod] attribute must be non-static, public, does not return a value and should not take any parameter. for example: public void Test.Class1.Test().  Additionally, return-type must be Task if you are running async unit tests. Example: public async Task Test.Class1.Test2().</Message>
        </ErrorInfo>
      </Output>
    </UnitTestResult>
    <UnitTestResult executionId="fb130cdd-630e-4383-a8c9-2a7b1315f50e" testId="a61a9794-2c3b-d950-48d2-530adb653ac7" testName="CheckMultiply" computerName="EPBYMOGW0132" testType="13cdc9d9-ddb5-4fa4-a97d-d965ccfc6d4b" outcome="NotRunnable" testListId="8c84fa94-04c1-424b-9868-57a2d4851a1d" relativeResultsDirectory="fb130cdd-630e-4383-a8c9-2a7b1315f50e">
      <Output>
        <ErrorInfo>
          <Message>UTA007: Method CheckMultiply defined in class UnitTestProjectForCalc.Multiply_MS does not have correct signature. Test method marked with the [TestMethod] attribute must be non-static, public, does not return a value and should not take any parameter. for example: public void Test.Class1.Test().  Additionally, return-type must be Task if you are running async unit tests. Example: public async Task Test.Class1.Test2().</Message>
        </ErrorInfo>
      </Output>
    </UnitTestResult>
    <UnitTestResult executionId="1dd95ce8-7d3a-41b5-b82b-d2b8d2d29bbd" testId="89903315-d2a0-776d-b116-11736ac94c37" testName="CheckisNegative" computerName="EPBYMOGW0132" testType="13cdc9d9-ddb5-4fa4-a97d-d965ccfc6d4b" outcome="NotRunnable" testListId="8c84fa94-04c1-424b-9868-57a2d4851a1d" relativeResultsDirectory="1dd95ce8-7d3a-41b5-b82b-d2b8d2d29bbd">
      <Output>
        <ErrorInfo>
          <Message>UTA007: Method CheckisNegative defined in class UnitTestProjectForCalc.Negative_MS does not have correct signature. Test method marked with the [TestMethod] attribute must be non-static, public, does not return a value and should not take any parameter. for example: public void Test.Class1.Test().  Additionally, return-type must be Task if you are running async unit tests. Example: public async Task Test.Class1.Test2().</Message>
        </ErrorInfo>
      </Output>
    </UnitTestResult>
    <UnitTestResult executionId="c5a77c8b-be0a-48c8-96d8-6a1549f37e04" testId="6cf258c7-28fe-c53d-e311-cc4b42cd001d" testName="CheckisPositive" computerName="EPBYMOGW0132" testType="13cdc9d9-ddb5-4fa4-a97d-d965ccfc6d4b" outcome="NotRunnable" testListId="8c84fa94-04c1-424b-9868-57a2d4851a1d" relativeResultsDirectory="c5a77c8b-be0a-48c8-96d8-6a1549f37e04">
      <Output>
        <ErrorInfo>
          <Message>UTA007: Method CheckisPositive defined in class UnitTestProjectForCalc.Positive_MS does not have correct signature. Test method marked with the [TestMethod] attribute must be non-static, public, does not return a value and should not take any parameter. for example: public void Test.Class1.Test().  Additionally, return-type must be Task if you are running async unit tests. Example: public async Task Test.Class1.Test2().</Message>
        </ErrorInfo>
      </Output>
    </UnitTestResult>
    <UnitTestResult executionId="11ef53b5-b1a8-4ebc-a942-fe5f6a3e9f6e" testId="24da2019-d022-fe71-0506-2e33c4f3c76c" testName="CheckPow" computerName="EPBYMOGW0132" testType="13cdc9d9-ddb5-4fa4-a97d-d965ccfc6d4b" outcome="NotRunnable" testListId="8c84fa94-04c1-424b-9868-57a2d4851a1d" relativeResultsDirectory="11ef53b5-b1a8-4ebc-a942-fe5f6a3e9f6e">
      <Output>
        <ErrorInfo>
          <Message>UTA007: Method CheckPow defined in class UnitTestProjectForCalc.Pow_MS does not have correct signature. Test method marked with the [TestMethod] attribute must be non-static, public, does not return a value and should not take any parameter. for example: public void Test.Class1.Test().  Additionally, return-type must be Task if you are running async unit tests. Example: public async Task Test.Class1.Test2().</Message>
        </ErrorInfo>
      </Output>
    </UnitTestResult>
    <UnitTestResult executionId="1f5c8c80-7fcf-46fd-b1a1-d7c2f8c1e432" testId="18ed01ea-5997-8232-a0a7-1bd9b6debc05" testName="CheckSin" computerName="EPBYMOGW0132" testType="13cdc9d9-ddb5-4fa4-a97d-d965ccfc6d4b" outcome="NotRunnable" testListId="8c84fa94-04c1-424b-9868-57a2d4851a1d" relativeResultsDirectory="1f5c8c80-7fcf-46fd-b1a1-d7c2f8c1e432">
      <Output>
        <ErrorInfo>
          <Message>UTA007: Method CheckSin defined in class UnitTestProjectForCalc.Sin_MS does not have correct signature. Test method marked with the [TestMethod] attribute must be non-static, public, does not return a value and should not take any parameter. for example: public void Test.Class1.Test().  Additionally, return-type must be Task if you are running async unit tests. Example: public async Task Test.Class1.Test2().</Message>
        </ErrorInfo>
      </Output>
    </UnitTestResult>
    <UnitTestResult executionId="b28eee48-837f-4ae6-8852-5f0a33ad7c97" testId="74240eff-4e38-3b87-1f59-88887b4b9785" testName="CheckSqrt" computerName="EPBYMOGW0132" testType="13cdc9d9-ddb5-4fa4-a97d-d965ccfc6d4b" outcome="NotRunnable" testListId="8c84fa94-04c1-424b-9868-57a2d4851a1d" relativeResultsDirectory="b28eee48-837f-4ae6-8852-5f0a33ad7c97">
      <Output>
        <ErrorInfo>
          <Message>UTA007: Method CheckSqrt defined in class UnitTestProjectForCalc.Sqrt does not have correct signature. Test method marked with the [TestMethod] attribute must be non-static, public, does not return a value and should not take any parameter. for example: public void Test.Class1.Test().  Additionally, return-type must be Task if you are running async unit tests. Example: public async Task Test.Class1.Test2().</Message>
        </ErrorInfo>
      </Output>
    </UnitTestResult>
    <UnitTestResult executionId="bd638ef3-2638-475d-80e8-53b54a2d74ea" testId="c8e5d61e-c9ae-dea4-6bfb-753d821f9014" testName="CheckSub" computerName="EPBYMOGW0132" testType="13cdc9d9-ddb5-4fa4-a97d-d965ccfc6d4b" outcome="NotRunnable" testListId="8c84fa94-04c1-424b-9868-57a2d4851a1d" relativeResultsDirectory="bd638ef3-2638-475d-80e8-53b54a2d74ea">
      <Output>
        <ErrorInfo>
          <Message>UTA007: Method CheckSub defined in class UnitTestProjectForCalc.Sub_MS does not have correct signature. Test method marked with the [TestMethod] attribute must be non-static, public, does not return a value and should not take any parameter. for example: public void Test.Class1.Test().  Additionally, return-type must be Task if you are running async unit tests. Example: public async Task Test.Class1.Test2().</Message>
        </ErrorInfo>
      </Output>
    </UnitTestResult>
  </Results>
</TestRun>