<?xml version="1.0" encoding="UTF-8"?>
<TestRun id="83dcdae6-fa86-4824-b362-290d7d7fd2a1" name="Dzmitry_Tarasenka@EPBYMOGW0132 2017-12-11 17:34:15" runUser="MINSK\Dzmitry_Tarasenka" xmlns="http://microsoft.com/schemas/VisualStudio/TeamTest/2010">
  <TestSettings name="Default Test Settings" id="e7701e64-1490-4eca-965e-712b3260ce51">
    <Execution>
      <TestTypeSpecific />
      <AgentRule name="Execution Agents">
      </AgentRule>
    </Execution>
    <Deployment runDeploymentRoot="Dzmitry_Tarasenka_EPBYMOGW0132 2017-12-11 17_34_15" />
    <Properties />
  </TestSettings>
  <Times creation="2017-12-11T17:34:15.5144761+03:00" queuing="2017-12-11T17:34:15.8518408+03:00" start="2017-12-11T17:34:15.9120036+03:00" finish="2017-12-11T17:34:16.0087564+03:00" />
  <ResultSummary outcome="NotRunnable">
    <Counters total="9" error="0" failed="0" timeout="0" aborted="0" inconclusive="0" passedButRunAborted="0" notRunnable="9" notExecuted="0" disconnected="0" warning="0" passed="0" completed="0" inProgress="0" pending="0" />
  </ResultSummary>
  <TestDefinitions>
    <UnitTest name="CheckAdd" storage="unittestprojectforcalc.dll" id="84ce72d6-b8f9-a144-6b0c-c777017cdd93">
      <Execution id="fd350320-c8ce-4094-a552-229061465d96" />
      <TestMethod codeBase="D:/Learn/Automation/CDP/Home Task/Task4/Code/UnitTestProjectForCalc/UnitTestProjectForCalc/bin/Debug/UnitTestProjectForCalc.dll" adapterTypeName="Microsoft.VisualStudio.TestTools.TestTypes.Unit.UnitTestAdapter, Microsoft.VisualStudio.QualityTools.Tips.UnitTest.Adapter, Version=15.0.0.0, Culture=neutral, PublicKeyToken=b03f5f7f11d50a3a" className="UnitTestProjectForCalc.Add_MS, UnitTestProjectForCalc, Version=1.0.0.0, Culture=neutral, PublicKeyToken=null" name="CheckAdd" />
    </UnitTest>
    <UnitTest name="CheckMultiply" storage="unittestprojectforcalc.dll" id="a61a9794-2c3b-d950-48d2-530adb653ac7">
      <Execution id="24415af4-c80b-4f12-b6f1-c0543c70f557" />
      <TestMethod codeBase="D:/Learn/Automation/CDP/Home Task/Task4/Code/UnitTestProjectForCalc/UnitTestProjectForCalc/bin/Debug/UnitTestProjectForCalc.dll" adapterTypeName="Microsoft.VisualStudio.TestTools.TestTypes.Unit.UnitTestAdapter, Microsoft.VisualStudio.QualityTools.Tips.UnitTest.Adapter, Version=15.0.0.0, Culture=neutral, PublicKeyToken=b03f5f7f11d50a3a" className="UnitTestProjectForCalc.Multiply_MS, UnitTestProjectForCalc, Version=1.0.0.0, Culture=neutral, PublicKeyToken=null" name="CheckMultiply" />
    </UnitTest>
    <UnitTest name="CheckSub" storage="unittestprojectforcalc.dll" id="c8e5d61e-c9ae-dea4-6bfb-753d821f9014">
      <Execution id="3ae6bb04-cd53-4328-9e31-cc4acb5b9f89" />
      <TestMethod codeBase="D:/Learn/Automation/CDP/Home Task/Task4/Code/UnitTestProjectForCalc/UnitTestProjectForCalc/bin/Debug/UnitTestProjectForCalc.dll" adapterTypeName="Microsoft.VisualStudio.TestTools.TestTypes.Unit.UnitTestAdapter, Microsoft.VisualStudio.QualityTools.Tips.UnitTest.Adapter, Version=15.0.0.0, Culture=neutral, PublicKeyToken=b03f5f7f11d50a3a" className="UnitTestProjectForCalc.Sub_MS, UnitTestProjectForCalc, Version=1.0.0.0, Culture=neutral, PublicKeyToken=null" name="CheckSub" />
    </UnitTest>
    <UnitTest name="CheckSqrt" storage="unittestprojectforcalc.dll" id="74240eff-4e38-3b87-1f59-88887b4b9785">
      <Execution id="25802f1f-3d68-4248-8ffe-23309497eda1" />
      <TestMethod codeBase="D:/Learn/Automation/CDP/Home Task/Task4/Code/UnitTestProjectForCalc/UnitTestProjectForCalc/bin/Debug/UnitTestProjectForCalc.dll" adapterTypeName="Microsoft.VisualStudio.TestTools.TestTypes.Unit.UnitTestAdapter, Microsoft.VisualStudio.QualityTools.Tips.UnitTest.Adapter, Version=15.0.0.0, Culture=neutral, PublicKeyToken=b03f5f7f11d50a3a" className="UnitTestProjectForCalc.Sqrt, UnitTestProjectForCalc, Version=1.0.0.0, Culture=neutral, PublicKeyToken=null" name="CheckSqrt" />
    </UnitTest>
    <UnitTest name="CheckDev" storage="unittestprojectforcalc.dll" id="89d66ad2-ce34-9cb2-943d-e289cb63e478">
      <Execution id="d0258fb0-e517-4976-b365-e2c083536ee7" />
      <TestMethod codeBase="D:/Learn/Automation/CDP/Home Task/Task4/Code/UnitTestProjectForCalc/UnitTestProjectForCalc/bin/Debug/UnitTestProjectForCalc.dll" adapterTypeName="Microsoft.VisualStudio.TestTools.TestTypes.Unit.UnitTestAdapter, Microsoft.VisualStudio.QualityTools.Tips.UnitTest.Adapter, Version=15.0.0.0, Culture=neutral, PublicKeyToken=b03f5f7f11d50a3a" className="UnitTestProjectForCalc.Devide_MS, UnitTestProjectForCalc, Version=1.0.0.0, Culture=neutral, PublicKeyToken=null" name="CheckDev" />
    </UnitTest>
    <UnitTest name="CheckAbs" storage="unittestprojectforcalc.dll" id="3b9ed0b2-3397-f682-ab84-bf7f159c1cc2">
      <Execution id="26a79fd0-f747-432c-8de3-7b392eeb981a" />
      <TestMethod codeBase="D:/Learn/Automation/CDP/Home Task/Task4/Code/UnitTestProjectForCalc/UnitTestProjectForCalc/bin/Debug/UnitTestProjectForCalc.dll" adapterTypeName="Microsoft.VisualStudio.TestTools.TestTypes.Unit.UnitTestAdapter, Microsoft.VisualStudio.QualityTools.Tips.UnitTest.Adapter, Version=15.0.0.0, Culture=neutral, PublicKeyToken=b03f5f7f11d50a3a" className="UnitTestProjectForCalc.Abs_MS, UnitTestProjectForCalc, Version=1.0.0.0, Culture=neutral, PublicKeyToken=null" name="CheckAbs" />
    </UnitTest>
    <UnitTest name="CheckSin" storage="unittestprojectforcalc.dll" id="18ed01ea-5997-8232-a0a7-1bd9b6debc05">
      <Execution id="61231622-9680-4ee8-ac38-447a04bc50db" />
      <TestMethod codeBase="D:/Learn/Automation/CDP/Home Task/Task4/Code/UnitTestProjectForCalc/UnitTestProjectForCalc/bin/Debug/UnitTestProjectForCalc.dll" adapterTypeName="Microsoft.VisualStudio.TestTools.TestTypes.Unit.UnitTestAdapter, Microsoft.VisualStudio.QualityTools.Tips.UnitTest.Adapter, Version=15.0.0.0, Culture=neutral, PublicKeyToken=b03f5f7f11d50a3a" className="UnitTestProjectForCalc.Sin_MS, UnitTestProjectForCalc, Version=1.0.0.0, Culture=neutral, PublicKeyToken=null" name="CheckSin" />
    </UnitTest>
    <UnitTest name="CheckCos" storage="unittestprojectforcalc.dll" id="cba1103f-2ed3-2c1d-31d4-d8ca13907e5e">
      <Execution id="406caf7e-7c22-403c-908c-2b36a3686209" />
      <TestMethod codeBase="D:/Learn/Automation/CDP/Home Task/Task4/Code/UnitTestProjectForCalc/UnitTestProjectForCalc/bin/Debug/UnitTestProjectForCalc.dll" adapterTypeName="Microsoft.VisualStudio.TestTools.TestTypes.Unit.UnitTestAdapter, Microsoft.VisualStudio.QualityTools.Tips.UnitTest.Adapter, Version=15.0.0.0, Culture=neutral, PublicKeyToken=b03f5f7f11d50a3a" className="UnitTestProjectForCalc.Cos_MS, UnitTestProjectForCalc, Version=1.0.0.0, Culture=neutral, PublicKeyToken=null" name="CheckCos" />
    </UnitTest>
    <UnitTest name="CheckisPositive" storage="unittestprojectforcalc.dll" id="6cf258c7-28fe-c53d-e311-cc4b42cd001d">
      <Execution id="e0393520-9600-4ddd-8e62-b3a79560b7b7" />
      <TestMethod codeBase="D:/Learn/Automation/CDP/Home Task/Task4/Code/UnitTestProjectForCalc/UnitTestProjectForCalc/bin/Debug/UnitTestProjectForCalc.dll" adapterTypeName="Microsoft.VisualStudio.TestTools.TestTypes.Unit.UnitTestAdapter, Microsoft.VisualStudio.QualityTools.Tips.UnitTest.Adapter, Version=15.0.0.0, Culture=neutral, PublicKeyToken=b03f5f7f11d50a3a" className="UnitTestProjectForCalc.Positive_MS, UnitTestProjectForCalc, Version=1.0.0.0, Culture=neutral, PublicKeyToken=null" name="CheckisPositive" />
    </UnitTest>
  </TestDefinitions>
  <TestLists>
    <TestList name="Results Not in a List" id="8c84fa94-04c1-424b-9868-57a2d4851a1d" />
    <TestList name="All Loaded Results" id="19431567-8539-422a-85d7-44ee4e166bda" />
  </TestLists>
  <TestEntries>
    <TestEntry testId="3b9ed0b2-3397-f682-ab84-bf7f159c1cc2" executionId="26a79fd0-f747-432c-8de3-7b392eeb981a" testListId="8c84fa94-04c1-424b-9868-57a2d4851a1d" />
    <TestEntry testId="84ce72d6-b8f9-a144-6b0c-c777017cdd93" executionId="fd350320-c8ce-4094-a552-229061465d96" testListId="8c84fa94-04c1-424b-9868-57a2d4851a1d" />
    <TestEntry testId="cba1103f-2ed3-2c1d-31d4-d8ca13907e5e" executionId="406caf7e-7c22-403c-908c-2b36a3686209" testListId="8c84fa94-04c1-424b-9868-57a2d4851a1d" />
    <TestEntry testId="89d66ad2-ce34-9cb2-943d-e289cb63e478" executionId="d0258fb0-e517-4976-b365-e2c083536ee7" testListId="8c84fa94-04c1-424b-9868-57a2d4851a1d" />
    <TestEntry testId="a61a9794-2c3b-d950-48d2-530adb653ac7" executionId="24415af4-c80b-4f12-b6f1-c0543c70f557" testListId="8c84fa94-04c1-424b-9868-57a2d4851a1d" />
    <TestEntry testId="6cf258c7-28fe-c53d-e311-cc4b42cd001d" executionId="e0393520-9600-4ddd-8e62-b3a79560b7b7" testListId="8c84fa94-04c1-424b-9868-57a2d4851a1d" />
    <TestEntry testId="18ed01ea-5997-8232-a0a7-1bd9b6debc05" executionId="61231622-9680-4ee8-ac38-447a04bc50db" testListId="8c84fa94-04c1-424b-9868-57a2d4851a1d" />
    <TestEntry testId="74240eff-4e38-3b87-1f59-88887b4b9785" executionId="25802f1f-3d68-4248-8ffe-23309497eda1" testListId="8c84fa94-04c1-424b-9868-57a2d4851a1d" />
    <TestEntry testId="c8e5d61e-c9ae-dea4-6bfb-753d821f9014" executionId="3ae6bb04-cd53-4328-9e31-cc4acb5b9f89" testListId="8c84fa94-04c1-424b-9868-57a2d4851a1d" />
  </TestEntries>
  <Results>
    <UnitTestResult executionId="26a79fd0-f747-432c-8de3-7b392eeb981a" testId="3b9ed0b2-3397-f682-ab84-bf7f159c1cc2" testName="CheckAbs" computerName="EPBYMOGW0132" testType="13cdc9d9-ddb5-4fa4-a97d-d965ccfc6d4b" outcome="NotRunnable" testListId="8c84fa94-04c1-424b-9868-57a2d4851a1d" relativeResultsDirectory="26a79fd0-f747-432c-8de3-7b392eeb981a">
      <Output>
        <ErrorInfo>
          <Message>UTA007: Method CheckAbs defined in class UnitTestProjectForCalc.Abs_MS does not have correct signature. Test method marked with the [TestMethod] attribute must be non-static, public, does not return a value and should not take any parameter. for example: public void Test.Class1.Test().  Additionally, return-type must be Task if you are running async unit tests. Example: public async Task Test.Class1.Test2().</Message>
        </ErrorInfo>
      </Output>
    </UnitTestResult>
    <UnitTestResult executionId="fd350320-c8ce-4094-a552-229061465d96" testId="84ce72d6-b8f9-a144-6b0c-c777017cdd93" testName="CheckAdd" computerName="EPBYMOGW0132" testType="13cdc9d9-ddb5-4fa4-a97d-d965ccfc6d4b" outcome="NotRunnable" testListId="8c84fa94-04c1-424b-9868-57a2d4851a1d" relativeResultsDirectory="fd350320-c8ce-4094-a552-229061465d96">
      <Output>
        <ErrorInfo>
          <Message>UTA007: Method CheckAdd defined in class UnitTestProjectForCalc.Add_MS does not have correct signature. Test method marked with the [TestMethod] attribute must be non-static, public, does not return a value and should not take any parameter. for example: public void Test.Class1.Test().  Additionally, return-type must be Task if you are running async unit tests. Example: public async Task Test.Class1.Test2().</Message>
        </ErrorInfo>
      </Output>
    </UnitTestResult>
    <UnitTestResult executionId="406caf7e-7c22-403c-908c-2b36a3686209" testId="cba1103f-2ed3-2c1d-31d4-d8ca13907e5e" testName="CheckCos" computerName="EPBYMOGW0132" testType="13cdc9d9-ddb5-4fa4-a97d-d965ccfc6d4b" outcome="NotRunnable" testListId="8c84fa94-04c1-424b-9868-57a2d4851a1d" relativeResultsDirectory="406caf7e-7c22-403c-908c-2b36a3686209">
      <Output>
        <ErrorInfo>
          <Message>UTA007: Method CheckCos defined in class UnitTestProjectForCalc.Cos_MS does not have correct signature. Test method marked with the [TestMethod] attribute must be non-static, public, does not return a value and should not take any parameter. for example: public void Test.Class1.Test().  Additionally, return-type must be Task if you are running async unit tests. Example: public async Task Test.Class1.Test2().</Message>
        </ErrorInfo>
      </Output>
    </UnitTestResult>
    <UnitTestResult executionId="d0258fb0-e517-4976-b365-e2c083536ee7" testId="89d66ad2-ce34-9cb2-943d-e289cb63e478" testName="CheckDev" computerName="EPBYMOGW0132" testType="13cdc9d9-ddb5-4fa4-a97d-d965ccfc6d4b" outcome="NotRunnable" testListId="8c84fa94-04c1-424b-9868-57a2d4851a1d" relativeResultsDirectory="d0258fb0-e517-4976-b365-e2c083536ee7">
      <Output>
        <ErrorInfo>
          <Message>UTA007: Method CheckDev defined in class UnitTestProjectForCalc.Devide_MS does not have correct signature. Test method marked with the [TestMethod] attribute must be non-static, public, does not return a value and should not take any parameter. for example: public void Test.Class1.Test().  Additionally, return-type must be Task if you are running async unit tests. Example: public async Task Test.Class1.Test2().</Message>
        </ErrorInfo>
      </Output>
    </UnitTestResult>
    <UnitTestResult executionId="24415af4-c80b-4f12-b6f1-c0543c70f557" testId="a61a9794-2c3b-d950-48d2-530adb653ac7" testName="CheckMultiply" computerName="EPBYMOGW0132" testType="13cdc9d9-ddb5-4fa4-a97d-d965ccfc6d4b" outcome="NotRunnable" testListId="8c84fa94-04c1-424b-9868-57a2d4851a1d" relativeResultsDirectory="24415af4-c80b-4f12-b6f1-c0543c70f557">
      <Output>
        <ErrorInfo>
          <Message>UTA007: Method CheckMultiply defined in class UnitTestProjectForCalc.Multiply_MS does not have correct signature. Test method marked with the [TestMethod] attribute must be non-static, public, does not return a value and should not take any parameter. for example: public void Test.Class1.Test().  Additionally, return-type must be Task if you are running async unit tests. Example: public async Task Test.Class1.Test2().</Message>
        </ErrorInfo>
      </Output>
    </UnitTestResult>
    <UnitTestResult executionId="e0393520-9600-4ddd-8e62-b3a79560b7b7" testId="6cf258c7-28fe-c53d-e311-cc4b42cd001d" testName="CheckisPositive" computerName="EPBYMOGW0132" testType="13cdc9d9-ddb5-4fa4-a97d-d965ccfc6d4b" outcome="NotRunnable" testListId="8c84fa94-04c1-424b-9868-57a2d4851a1d" relativeResultsDirectory="e0393520-9600-4ddd-8e62-b3a79560b7b7">
      <Output>
        <ErrorInfo>
          <Message>UTA007: Method CheckisPositive defined in class UnitTestProjectForCalc.Positive_MS does not have correct signature. Test method marked with the [TestMethod] attribute must be non-static, public, does not return a value and should not take any parameter. for example: public void Test.Class1.Test().  Additionally, return-type must be Task if you are running async unit tests. Example: public async Task Test.Class1.Test2().</Message>
        </ErrorInfo>
      </Output>
    </UnitTestResult>
    <UnitTestResult executionId="61231622-9680-4ee8-ac38-447a04bc50db" testId="18ed01ea-5997-8232-a0a7-1bd9b6debc05" testName="CheckSin" computerName="EPBYMOGW0132" testType="13cdc9d9-ddb5-4fa4-a97d-d965ccfc6d4b" outcome="NotRunnable" testListId="8c84fa94-04c1-424b-9868-57a2d4851a1d" relativeResultsDirectory="61231622-9680-4ee8-ac38-447a04bc50db">
      <Output>
        <ErrorInfo>
          <Message>UTA007: Method CheckSin defined in class UnitTestProjectForCalc.Sin_MS does not have correct signature. Test method marked with the [TestMethod] attribute must be non-static, public, does not return a value and should not take any parameter. for example: public void Test.Class1.Test().  Additionally, return-type must be Task if you are running async unit tests. Example: public async Task Test.Class1.Test2().</Message>
        </ErrorInfo>
      </Output>
    </UnitTestResult>
    <UnitTestResult executionId="25802f1f-3d68-4248-8ffe-23309497eda1" testId="74240eff-4e38-3b87-1f59-88887b4b9785" testName="CheckSqrt" computerName="EPBYMOGW0132" testType="13cdc9d9-ddb5-4fa4-a97d-d965ccfc6d4b" outcome="NotRunnable" testListId="8c84fa94-04c1-424b-9868-57a2d4851a1d" relativeResultsDirectory="25802f1f-3d68-4248-8ffe-23309497eda1">
      <Output>
        <ErrorInfo>
          <Message>UTA007: Method CheckSqrt defined in class UnitTestProjectForCalc.Sqrt does not have correct signature. Test method marked with the [TestMethod] attribute must be non-static, public, does not return a value and should not take any parameter. for example: public void Test.Class1.Test().  Additionally, return-type must be Task if you are running async unit tests. Example: public async Task Test.Class1.Test2().</Message>
        </ErrorInfo>
      </Output>
    </UnitTestResult>
    <UnitTestResult executionId="3ae6bb04-cd53-4328-9e31-cc4acb5b9f89" testId="c8e5d61e-c9ae-dea4-6bfb-753d821f9014" testName="CheckSub" computerName="EPBYMOGW0132" testType="13cdc9d9-ddb5-4fa4-a97d-d965ccfc6d4b" outcome="NotRunnable" testListId="8c84fa94-04c1-424b-9868-57a2d4851a1d" relativeResultsDirectory="3ae6bb04-cd53-4328-9e31-cc4acb5b9f89">
      <Output>
        <ErrorInfo>
          <Message>UTA007: Method CheckSub defined in class UnitTestProjectForCalc.Sub_MS does not have correct signature. Test method marked with the [TestMethod] attribute must be non-static, public, does not return a value and should not take any parameter. for example: public void Test.Class1.Test().  Additionally, return-type must be Task if you are running async unit tests. Example: public async Task Test.Class1.Test2().</Message>
        </ErrorInfo>
      </Output>
    </UnitTestResult>
  </Results>
</TestRun>