<?xml version="1.0" encoding="UTF-8"?>
<TestRun id="9de5d526-2faf-437e-9df2-e0309c2fab67" name="Dzmitry_Tarasenka@EPBYMOGW0132 2017-12-11 17:36:32" runUser="MINSK\Dzmitry_Tarasenka" xmlns="http://microsoft.com/schemas/VisualStudio/TeamTest/2010">
  <TestSettings name="Default Test Settings" id="5ca6bba5-8c09-4ae6-9809-c267b67e67b6">
    <Execution>
      <TestTypeSpecific />
      <AgentRule name="Execution Agents">
      </AgentRule>
    </Execution>
    <Deployment runDeploymentRoot="Dzmitry_Tarasenka_EPBYMOGW0132 2017-12-11 17_36_32" />
    <Properties />
  </TestSettings>
  <Times creation="2017-12-11T17:36:32.0757957+03:00" queuing="2017-12-11T17:36:32.4041674+03:00" start="2017-12-11T17:36:32.4658305+03:00" finish="2017-12-11T17:36:32.5605824+03:00" />
  <ResultSummary outcome="NotRunnable">
    <Counters total="11" error="0" failed="0" timeout="0" aborted="0" inconclusive="0" passedButRunAborted="0" notRunnable="11" notExecuted="0" disconnected="0" warning="0" passed="0" completed="0" inProgress="0" pending="0" />
  </ResultSummary>
  <TestDefinitions>
    <UnitTest name="CheckAdd" storage="unittestprojectforcalc.dll" id="84ce72d6-b8f9-a144-6b0c-c777017cdd93">
      <Execution id="8d36f7d8-c443-494f-902a-b07a5f82c896" />
      <TestMethod codeBase="D:/Learn/Automation/CDP/Home Task/Task4/Code/UnitTestProjectForCalc/UnitTestProjectForCalc/bin/Debug/UnitTestProjectForCalc.dll" adapterTypeName="Microsoft.VisualStudio.TestTools.TestTypes.Unit.UnitTestAdapter, Microsoft.VisualStudio.QualityTools.Tips.UnitTest.Adapter, Version=15.0.0.0, Culture=neutral, PublicKeyToken=b03f5f7f11d50a3a" className="UnitTestProjectForCalc.Add_MS, UnitTestProjectForCalc, Version=1.0.0.0, Culture=neutral, PublicKeyToken=null" name="CheckAdd" />
    </UnitTest>
    <UnitTest name="CheckMultiply" storage="unittestprojectforcalc.dll" id="a61a9794-2c3b-d950-48d2-530adb653ac7">
      <Execution id="31c56325-0cc4-4c16-b690-0232dc416bd8" />
      <TestMethod codeBase="D:/Learn/Automation/CDP/Home Task/Task4/Code/UnitTestProjectForCalc/UnitTestProjectForCalc/bin/Debug/UnitTestProjectForCalc.dll" adapterTypeName="Microsoft.VisualStudio.TestTools.TestTypes.Unit.UnitTestAdapter, Microsoft.VisualStudio.QualityTools.Tips.UnitTest.Adapter, Version=15.0.0.0, Culture=neutral, PublicKeyToken=b03f5f7f11d50a3a" className="UnitTestProjectForCalc.Multiply_MS, UnitTestProjectForCalc, Version=1.0.0.0, Culture=neutral, PublicKeyToken=null" name="CheckMultiply" />
    </UnitTest>
    <UnitTest name="CheckisNegative" storage="unittestprojectforcalc.dll" id="89903315-d2a0-776d-b116-11736ac94c37">
      <Execution id="2a224d4a-6568-419d-99dd-3cd22634350c" />
      <TestMethod codeBase="D:/Learn/Automation/CDP/Home Task/Task4/Code/UnitTestProjectForCalc/UnitTestProjectForCalc/bin/Debug/UnitTestProjectForCalc.dll" adapterTypeName="Microsoft.VisualStudio.TestTools.TestTypes.Unit.UnitTestAdapter, Microsoft.VisualStudio.QualityTools.Tips.UnitTest.Adapter, Version=15.0.0.0, Culture=neutral, PublicKeyToken=b03f5f7f11d50a3a" className="UnitTestProjectForCalc.Negative_MS, UnitTestProjectForCalc, Version=1.0.0.0, Culture=neutral, PublicKeyToken=null" name="CheckisNegative" />
    </UnitTest>
    <UnitTest name="CheckSub" storage="unittestprojectforcalc.dll" id="c8e5d61e-c9ae-dea4-6bfb-753d821f9014">
      <Execution id="d469ca21-6b41-4984-a2a6-0ed3d7a8dc88" />
      <TestMethod codeBase="D:/Learn/Automation/CDP/Home Task/Task4/Code/UnitTestProjectForCalc/UnitTestProjectForCalc/bin/Debug/UnitTestProjectForCalc.dll" adapterTypeName="Microsoft.VisualStudio.TestTools.TestTypes.Unit.UnitTestAdapter, Microsoft.VisualStudio.QualityTools.Tips.UnitTest.Adapter, Version=15.0.0.0, Culture=neutral, PublicKeyToken=b03f5f7f11d50a3a" className="UnitTestProjectForCalc.Sub_MS, UnitTestProjectForCalc, Version=1.0.0.0, Culture=neutral, PublicKeyToken=null" name="CheckSub" />
    </UnitTest>
    <UnitTest name="CheckSqrt" storage="unittestprojectforcalc.dll" id="74240eff-4e38-3b87-1f59-88887b4b9785">
      <Execution id="6bd76b8c-7b06-42a0-ae40-e6d394d66f38" />
      <TestMethod codeBase="D:/Learn/Automation/CDP/Home Task/Task4/Code/UnitTestProjectForCalc/UnitTestProjectForCalc/bin/Debug/UnitTestProjectForCalc.dll" adapterTypeName="Microsoft.VisualStudio.TestTools.TestTypes.Unit.UnitTestAdapter, Microsoft.VisualStudio.QualityTools.Tips.UnitTest.Adapter, Version=15.0.0.0, Culture=neutral, PublicKeyToken=b03f5f7f11d50a3a" className="UnitTestProjectForCalc.Sqrt, UnitTestProjectForCalc, Version=1.0.0.0, Culture=neutral, PublicKeyToken=null" name="CheckSqrt" />
    </UnitTest>
    <UnitTest name="CheckDev" storage="unittestprojectforcalc.dll" id="89d66ad2-ce34-9cb2-943d-e289cb63e478">
      <Execution id="a01eaedc-856a-415e-a9f1-b4315ede124c" />
      <TestMethod codeBase="D:/Learn/Automation/CDP/Home Task/Task4/Code/UnitTestProjectForCalc/UnitTestProjectForCalc/bin/Debug/UnitTestProjectForCalc.dll" adapterTypeName="Microsoft.VisualStudio.TestTools.TestTypes.Unit.UnitTestAdapter, Microsoft.VisualStudio.QualityTools.Tips.UnitTest.Adapter, Version=15.0.0.0, Culture=neutral, PublicKeyToken=b03f5f7f11d50a3a" className="UnitTestProjectForCalc.Devide_MS, UnitTestProjectForCalc, Version=1.0.0.0, Culture=neutral, PublicKeyToken=null" name="CheckDev" />
    </UnitTest>
    <UnitTest name="CheckSin" storage="unittestprojectforcalc.dll" id="18ed01ea-5997-8232-a0a7-1bd9b6debc05">
      <Execution id="d05b063f-230c-4300-9065-2d33728f81b1" />
      <TestMethod codeBase="D:/Learn/Automation/CDP/Home Task/Task4/Code/UnitTestProjectForCalc/UnitTestProjectForCalc/bin/Debug/UnitTestProjectForCalc.dll" adapterTypeName="Microsoft.VisualStudio.TestTools.TestTypes.Unit.UnitTestAdapter, Microsoft.VisualStudio.QualityTools.Tips.UnitTest.Adapter, Version=15.0.0.0, Culture=neutral, PublicKeyToken=b03f5f7f11d50a3a" className="UnitTestProjectForCalc.Sin_MS, UnitTestProjectForCalc, Version=1.0.0.0, Culture=neutral, PublicKeyToken=null" name="CheckSin" />
    </UnitTest>
    <UnitTest name="CheckAbs" storage="unittestprojectforcalc.dll" id="3b9ed0b2-3397-f682-ab84-bf7f159c1cc2">
      <Execution id="48fbc9cb-3b62-4796-a609-f0cda98ff5bd" />
      <TestMethod codeBase="D:/Learn/Automation/CDP/Home Task/Task4/Code/UnitTestProjectForCalc/UnitTestProjectForCalc/bin/Debug/UnitTestProjectForCalc.dll" adapterTypeName="Microsoft.VisualStudio.TestTools.TestTypes.Unit.UnitTestAdapter, Microsoft.VisualStudio.QualityTools.Tips.UnitTest.Adapter, Version=15.0.0.0, Culture=neutral, PublicKeyToken=b03f5f7f11d50a3a" className="UnitTestProjectForCalc.Abs_MS, UnitTestProjectForCalc, Version=1.0.0.0, Culture=neutral, PublicKeyToken=null" name="CheckAbs" />
    </UnitTest>
    <UnitTest name="CheckPow" storage="unittestprojectforcalc.dll" id="24da2019-d022-fe71-0506-2e33c4f3c76c">
      <Execution id="dc6c5d56-39f5-4eaa-afcd-1cbc42ed59e4" />
      <TestMethod codeBase="D:/Learn/Automation/CDP/Home Task/Task4/Code/UnitTestProjectForCalc/UnitTestProjectForCalc/bin/Debug/UnitTestProjectForCalc.dll" adapterTypeName="Microsoft.VisualStudio.TestTools.TestTypes.Unit.UnitTestAdapter, Microsoft.VisualStudio.QualityTools.Tips.UnitTest.Adapter, Version=15.0.0.0, Culture=neutral, PublicKeyToken=b03f5f7f11d50a3a" className="UnitTestProjectForCalc.Pow_MS, UnitTestProjectForCalc, Version=1.0.0.0, Culture=neutral, PublicKeyToken=null" name="CheckPow" />
    </UnitTest>
    <UnitTest name="CheckCos" storage="unittestprojectforcalc.dll" id="cba1103f-2ed3-2c1d-31d4-d8ca13907e5e">
      <Execution id="687438eb-3114-4a4e-af03-5b6081fa7f49" />
      <TestMethod codeBase="D:/Learn/Automation/CDP/Home Task/Task4/Code/UnitTestProjectForCalc/UnitTestProjectForCalc/bin/Debug/UnitTestProjectForCalc.dll" adapterTypeName="Microsoft.VisualStudio.TestTools.TestTypes.Unit.UnitTestAdapter, Microsoft.VisualStudio.QualityTools.Tips.UnitTest.Adapter, Version=15.0.0.0, Culture=neutral, PublicKeyToken=b03f5f7f11d50a3a" className="UnitTestProjectForCalc.Cos_MS, UnitTestProjectForCalc, Version=1.0.0.0, Culture=neutral, PublicKeyToken=null" name="CheckCos" />
    </UnitTest>
    <UnitTest name="CheckisPositive" storage="unittestprojectforcalc.dll" id="6cf258c7-28fe-c53d-e311-cc4b42cd001d">
      <Execution id="f07d5400-3434-4b0b-a43f-ffca175a900b" />
      <TestMethod codeBase="D:/Learn/Automation/CDP/Home Task/Task4/Code/UnitTestProjectForCalc/UnitTestProjectForCalc/bin/Debug/UnitTestProjectForCalc.dll" adapterTypeName="Microsoft.VisualStudio.TestTools.TestTypes.Unit.UnitTestAdapter, Microsoft.VisualStudio.QualityTools.Tips.UnitTest.Adapter, Version=15.0.0.0, Culture=neutral, PublicKeyToken=b03f5f7f11d50a3a" className="UnitTestProjectForCalc.Positive_MS, UnitTestProjectForCalc, Version=1.0.0.0, Culture=neutral, PublicKeyToken=null" name="CheckisPositive" />
    </UnitTest>
  </TestDefinitions>
  <TestLists>
    <TestList name="Results Not in a List" id="8c84fa94-04c1-424b-9868-57a2d4851a1d" />
    <TestList name="All Loaded Results" id="19431567-8539-422a-85d7-44ee4e166bda" />
  </TestLists>
  <TestEntries>
    <TestEntry testId="3b9ed0b2-3397-f682-ab84-bf7f159c1cc2" executionId="48fbc9cb-3b62-4796-a609-f0cda98ff5bd" testListId="8c84fa94-04c1-424b-9868-57a2d4851a1d" />
    <TestEntry testId="84ce72d6-b8f9-a144-6b0c-c777017cdd93" executionId="8d36f7d8-c443-494f-902a-b07a5f82c896" testListId="8c84fa94-04c1-424b-9868-57a2d4851a1d" />
    <TestEntry testId="cba1103f-2ed3-2c1d-31d4-d8ca13907e5e" executionId="687438eb-3114-4a4e-af03-5b6081fa7f49" testListId="8c84fa94-04c1-424b-9868-57a2d4851a1d" />
    <TestEntry testId="89d66ad2-ce34-9cb2-943d-e289cb63e478" executionId="a01eaedc-856a-415e-a9f1-b4315ede124c" testListId="8c84fa94-04c1-424b-9868-57a2d4851a1d" />
    <TestEntry testId="a61a9794-2c3b-d950-48d2-530adb653ac7" executionId="31c56325-0cc4-4c16-b690-0232dc416bd8" testListId="8c84fa94-04c1-424b-9868-57a2d4851a1d" />
    <TestEntry testId="89903315-d2a0-776d-b116-11736ac94c37" executionId="2a224d4a-6568-419d-99dd-3cd22634350c" testListId="8c84fa94-04c1-424b-9868-57a2d4851a1d" />
    <TestEntry testId="6cf258c7-28fe-c53d-e311-cc4b42cd001d" executionId="f07d5400-3434-4b0b-a43f-ffca175a900b" testListId="8c84fa94-04c1-424b-9868-57a2d4851a1d" />
    <TestEntry testId="24da2019-d022-fe71-0506-2e33c4f3c76c" executionId="dc6c5d56-39f5-4eaa-afcd-1cbc42ed59e4" testListId="8c84fa94-04c1-424b-9868-57a2d4851a1d" />
    <TestEntry testId="18ed01ea-5997-8232-a0a7-1bd9b6debc05" executionId="d05b063f-230c-4300-9065-2d33728f81b1" testListId="8c84fa94-04c1-424b-9868-57a2d4851a1d" />
    <TestEntry testId="74240eff-4e38-3b87-1f59-88887b4b9785" executionId="6bd76b8c-7b06-42a0-ae40-e6d394d66f38" testListId="8c84fa94-04c1-424b-9868-57a2d4851a1d" />
    <TestEntry testId="c8e5d61e-c9ae-dea4-6bfb-753d821f9014" executionId="d469ca21-6b41-4984-a2a6-0ed3d7a8dc88" testListId="8c84fa94-04c1-424b-9868-57a2d4851a1d" />
  </TestEntries>
  <Results>
    <UnitTestResult executionId="48fbc9cb-3b62-4796-a609-f0cda98ff5bd" testId="3b9ed0b2-3397-f682-ab84-bf7f159c1cc2" testName="CheckAbs" computerName="EPBYMOGW0132" testType="13cdc9d9-ddb5-4fa4-a97d-d965ccfc6d4b" outcome="NotRunnable" testListId="8c84fa94-04c1-424b-9868-57a2d4851a1d" relativeResultsDirectory="48fbc9cb-3b62-4796-a609-f0cda98ff5bd">
      <Output>
        <ErrorInfo>
          <Message>UTA007: Method CheckAbs defined in class UnitTestProjectForCalc.Abs_MS does not have correct signature. Test method marked with the [TestMethod] attribute must be non-static, public, does not return a value and should not take any parameter. for example: public void Test.Class1.Test().  Additionally, return-type must be Task if you are running async unit tests. Example: public async Task Test.Class1.Test2().</Message>
        </ErrorInfo>
      </Output>
    </UnitTestResult>
    <UnitTestResult executionId="8d36f7d8-c443-494f-902a-b07a5f82c896" testId="84ce72d6-b8f9-a144-6b0c-c777017cdd93" testName="CheckAdd" computerName="EPBYMOGW0132" testType="13cdc9d9-ddb5-4fa4-a97d-d965ccfc6d4b" outcome="NotRunnable" testListId="8c84fa94-04c1-424b-9868-57a2d4851a1d" relativeResultsDirectory="8d36f7d8-c443-494f-902a-b07a5f82c896">
      <Output>
        <ErrorInfo>
          <Message>UTA007: Method CheckAdd defined in class UnitTestProjectForCalc.Add_MS does not have correct signature. Test method marked with the [TestMethod] attribute must be non-static, public, does not return a value and should not take any parameter. for example: public void Test.Class1.Test().  Additionally, return-type must be Task if you are running async unit tests. Example: public async Task Test.Class1.Test2().</Message>
        </ErrorInfo>
      </Output>
    </UnitTestResult>
    <UnitTestResult executionId="687438eb-3114-4a4e-af03-5b6081fa7f49" testId="cba1103f-2ed3-2c1d-31d4-d8ca13907e5e" testName="CheckCos" computerName="EPBYMOGW0132" testType="13cdc9d9-ddb5-4fa4-a97d-d965ccfc6d4b" outcome="NotRunnable" testListId="8c84fa94-04c1-424b-9868-57a2d4851a1d" relativeResultsDirectory="687438eb-3114-4a4e-af03-5b6081fa7f49">
      <Output>
        <ErrorInfo>
          <Message>UTA007: Method CheckCos defined in class UnitTestProjectForCalc.Cos_MS does not have correct signature. Test method marked with the [TestMethod] attribute must be non-static, public, does not return a value and should not take any parameter. for example: public void Test.Class1.Test().  Additionally, return-type must be Task if you are running async unit tests. Example: public async Task Test.Class1.Test2().</Message>
        </ErrorInfo>
      </Output>
    </UnitTestResult>
    <UnitTestResult executionId="a01eaedc-856a-415e-a9f1-b4315ede124c" testId="89d66ad2-ce34-9cb2-943d-e289cb63e478" testName="CheckDev" computerName="EPBYMOGW0132" testType="13cdc9d9-ddb5-4fa4-a97d-d965ccfc6d4b" outcome="NotRunnable" testListId="8c84fa94-04c1-424b-9868-57a2d4851a1d" relativeResultsDirectory="a01eaedc-856a-415e-a9f1-b4315ede124c">
      <Output>
        <ErrorInfo>
          <Message>UTA007: Method CheckDev defined in class UnitTestProjectForCalc.Devide_MS does not have correct signature. Test method marked with the [TestMethod] attribute must be non-static, public, does not return a value and should not take any parameter. for example: public void Test.Class1.Test().  Additionally, return-type must be Task if you are running async unit tests. Example: public async Task Test.Class1.Test2().</Message>
        </ErrorInfo>
      </Output>
    </UnitTestResult>
    <UnitTestResult executionId="31c56325-0cc4-4c16-b690-0232dc416bd8" testId="a61a9794-2c3b-d950-48d2-530adb653ac7" testName="CheckMultiply" computerName="EPBYMOGW0132" testType="13cdc9d9-ddb5-4fa4-a97d-d965ccfc6d4b" outcome="NotRunnable" testListId="8c84fa94-04c1-424b-9868-57a2d4851a1d" relativeResultsDirectory="31c56325-0cc4-4c16-b690-0232dc416bd8">
      <Output>
        <ErrorInfo>
          <Message>UTA007: Method CheckMultiply defined in class UnitTestProjectForCalc.Multiply_MS does not have correct signature. Test method marked with the [TestMethod] attribute must be non-static, public, does not return a value and should not take any parameter. for example: public void Test.Class1.Test().  Additionally, return-type must be Task if you are running async unit tests. Example: public async Task Test.Class1.Test2().</Message>
        </ErrorInfo>
      </Output>
    </UnitTestResult>
    <UnitTestResult executionId="2a224d4a-6568-419d-99dd-3cd22634350c" testId="89903315-d2a0-776d-b116-11736ac94c37" testName="CheckisNegative" computerName="EPBYMOGW0132" testType="13cdc9d9-ddb5-4fa4-a97d-d965ccfc6d4b" outcome="NotRunnable" testListId="8c84fa94-04c1-424b-9868-57a2d4851a1d" relativeResultsDirectory="2a224d4a-6568-419d-99dd-3cd22634350c">
      <Output>
        <ErrorInfo>
          <Message>UTA007: Method CheckisNegative defined in class UnitTestProjectForCalc.Negative_MS does not have correct signature. Test method marked with the [TestMethod] attribute must be non-static, public, does not return a value and should not take any parameter. for example: public void Test.Class1.Test().  Additionally, return-type must be Task if you are running async unit tests. Example: public async Task Test.Class1.Test2().</Message>
        </ErrorInfo>
      </Output>
    </UnitTestResult>
    <UnitTestResult executionId="f07d5400-3434-4b0b-a43f-ffca175a900b" testId="6cf258c7-28fe-c53d-e311-cc4b42cd001d" testName="CheckisPositive" computerName="EPBYMOGW0132" testType="13cdc9d9-ddb5-4fa4-a97d-d965ccfc6d4b" outcome="NotRunnable" testListId="8c84fa94-04c1-424b-9868-57a2d4851a1d" relativeResultsDirectory="f07d5400-3434-4b0b-a43f-ffca175a900b">
      <Output>
        <ErrorInfo>
          <Message>UTA007: Method CheckisPositive defined in class UnitTestProjectForCalc.Positive_MS does not have correct signature. Test method marked with the [TestMethod] attribute must be non-static, public, does not return a value and should not take any parameter. for example: public void Test.Class1.Test().  Additionally, return-type must be Task if you are running async unit tests. Example: public async Task Test.Class1.Test2().</Message>
        </ErrorInfo>
      </Output>
    </UnitTestResult>
    <UnitTestResult executionId="dc6c5d56-39f5-4eaa-afcd-1cbc42ed59e4" testId="24da2019-d022-fe71-0506-2e33c4f3c76c" testName="CheckPow" computerName="EPBYMOGW0132" testType="13cdc9d9-ddb5-4fa4-a97d-d965ccfc6d4b" outcome="NotRunnable" testListId="8c84fa94-04c1-424b-9868-57a2d4851a1d" relativeResultsDirectory="dc6c5d56-39f5-4eaa-afcd-1cbc42ed59e4">
      <Output>
        <ErrorInfo>
          <Message>UTA007: Method CheckPow defined in class UnitTestProjectForCalc.Pow_MS does not have correct signature. Test method marked with the [TestMethod] attribute must be non-static, public, does not return a value and should not take any parameter. for example: public void Test.Class1.Test().  Additionally, return-type must be Task if you are running async unit tests. Example: public async Task Test.Class1.Test2().</Message>
        </ErrorInfo>
      </Output>
    </UnitTestResult>
    <UnitTestResult executionId="d05b063f-230c-4300-9065-2d33728f81b1" testId="18ed01ea-5997-8232-a0a7-1bd9b6debc05" testName="CheckSin" computerName="EPBYMOGW0132" testType="13cdc9d9-ddb5-4fa4-a97d-d965ccfc6d4b" outcome="NotRunnable" testListId="8c84fa94-04c1-424b-9868-57a2d4851a1d" relativeResultsDirectory="d05b063f-230c-4300-9065-2d33728f81b1">
      <Output>
        <ErrorInfo>
          <Message>UTA007: Method CheckSin defined in class UnitTestProjectForCalc.Sin_MS does not have correct signature. Test method marked with the [TestMethod] attribute must be non-static, public, does not return a value and should not take any parameter. for example: public void Test.Class1.Test().  Additionally, return-type must be Task if you are running async unit tests. Example: public async Task Test.Class1.Test2().</Message>
        </ErrorInfo>
      </Output>
    </UnitTestResult>
    <UnitTestResult executionId="6bd76b8c-7b06-42a0-ae40-e6d394d66f38" testId="74240eff-4e38-3b87-1f59-88887b4b9785" testName="CheckSqrt" computerName="EPBYMOGW0132" testType="13cdc9d9-ddb5-4fa4-a97d-d965ccfc6d4b" outcome="NotRunnable" testListId="8c84fa94-04c1-424b-9868-57a2d4851a1d" relativeResultsDirectory="6bd76b8c-7b06-42a0-ae40-e6d394d66f38">
      <Output>
        <ErrorInfo>
          <Message>UTA007: Method CheckSqrt defined in class UnitTestProjectForCalc.Sqrt does not have correct signature. Test method marked with the [TestMethod] attribute must be non-static, public, does not return a value and should not take any parameter. for example: public void Test.Class1.Test().  Additionally, return-type must be Task if you are running async unit tests. Example: public async Task Test.Class1.Test2().</Message>
        </ErrorInfo>
      </Output>
    </UnitTestResult>
    <UnitTestResult executionId="d469ca21-6b41-4984-a2a6-0ed3d7a8dc88" testId="c8e5d61e-c9ae-dea4-6bfb-753d821f9014" testName="CheckSub" computerName="EPBYMOGW0132" testType="13cdc9d9-ddb5-4fa4-a97d-d965ccfc6d4b" outcome="NotRunnable" testListId="8c84fa94-04c1-424b-9868-57a2d4851a1d" relativeResultsDirectory="d469ca21-6b41-4984-a2a6-0ed3d7a8dc88">
      <Output>
        <ErrorInfo>
          <Message>UTA007: Method CheckSub defined in class UnitTestProjectForCalc.Sub_MS does not have correct signature. Test method marked with the [TestMethod] attribute must be non-static, public, does not return a value and should not take any parameter. for example: public void Test.Class1.Test().  Additionally, return-type must be Task if you are running async unit tests. Example: public async Task Test.Class1.Test2().</Message>
        </ErrorInfo>
      </Output>
    </UnitTestResult>
  </Results>
</TestRun>