<?xml version="1.0" encoding="UTF-8"?>
<TestRun id="7c8db447-be8b-4cfa-8e63-853b7249e6ff" name="Dzmitry_Tarasenka@EPBYMOGW0132 2017-12-11 18:41:59" runUser="MINSK\Dzmitry_Tarasenka" xmlns="http://microsoft.com/schemas/VisualStudio/TeamTest/2010">
  <TestSettings name="Default Test Settings" id="67f9d1b8-aa9e-48d7-8ad8-1ef8e60b2399">
    <Execution>
      <TestTypeSpecific />
      <AgentRule name="Execution Agents">
      </AgentRule>
    </Execution>
    <Deployment runDeploymentRoot="Dzmitry_Tarasenka_EPBYMOGW0132 2017-12-11 18_41_59" />
    <Properties />
  </TestSettings>
  <Times creation="2017-12-11T18:41:59.1637204+03:00" queuing="2017-12-11T18:41:59.4582833+03:00" start="2017-12-11T18:41:59.5123981+03:00" finish="2017-12-11T18:41:59.5972878+03:00" />
  <ResultSummary outcome="NotRunnable">
    <Counters total="10" error="0" failed="0" timeout="0" aborted="0" inconclusive="0" passedButRunAborted="0" notRunnable="10" notExecuted="0" disconnected="0" warning="0" passed="0" completed="0" inProgress="0" pending="0" />
  </ResultSummary>
  <TestDefinitions>
    <UnitTest name="CheckAdd" storage="unittestprojectforcalc.dll" id="84ce72d6-b8f9-a144-6b0c-c777017cdd93">
      <Execution id="1b2f02f6-0908-4e61-902d-59dc16c7a1ee" />
      <TestMethod codeBase="D:/Learn/Automation/CDP/Home Task/Task4/Code/UnitTestProjectForCalc/UnitTestProjectForCalc/bin/Debug/UnitTestProjectForCalc.dll" adapterTypeName="Microsoft.VisualStudio.TestTools.TestTypes.Unit.UnitTestAdapter, Microsoft.VisualStudio.QualityTools.Tips.UnitTest.Adapter, Version=15.0.0.0, Culture=neutral, PublicKeyToken=b03f5f7f11d50a3a" className="UnitTestProjectForCalc.Add_MS, UnitTestProjectForCalc, Version=1.0.0.0, Culture=neutral, PublicKeyToken=null" name="CheckAdd" />
    </UnitTest>
    <UnitTest name="CheckMultiply" storage="unittestprojectforcalc.dll" id="a61a9794-2c3b-d950-48d2-530adb653ac7">
      <Execution id="4de92490-fa6b-4674-a086-9c8f15cd5277" />
      <TestMethod codeBase="D:/Learn/Automation/CDP/Home Task/Task4/Code/UnitTestProjectForCalc/UnitTestProjectForCalc/bin/Debug/UnitTestProjectForCalc.dll" adapterTypeName="Microsoft.VisualStudio.TestTools.TestTypes.Unit.UnitTestAdapter, Microsoft.VisualStudio.QualityTools.Tips.UnitTest.Adapter, Version=15.0.0.0, Culture=neutral, PublicKeyToken=b03f5f7f11d50a3a" className="UnitTestProjectForCalc.Multiply_MS, UnitTestProjectForCalc, Version=1.0.0.0, Culture=neutral, PublicKeyToken=null" name="CheckMultiply" />
    </UnitTest>
    <UnitTest name="CheckisNegative" storage="unittestprojectforcalc.dll" id="89903315-d2a0-776d-b116-11736ac94c37">
      <Execution id="c06aa9fb-40ff-4d89-baff-11e7e4c12763" />
      <TestMethod codeBase="D:/Learn/Automation/CDP/Home Task/Task4/Code/UnitTestProjectForCalc/UnitTestProjectForCalc/bin/Debug/UnitTestProjectForCalc.dll" adapterTypeName="Microsoft.VisualStudio.TestTools.TestTypes.Unit.UnitTestAdapter, Microsoft.VisualStudio.QualityTools.Tips.UnitTest.Adapter, Version=15.0.0.0, Culture=neutral, PublicKeyToken=b03f5f7f11d50a3a" className="UnitTestProjectForCalc.Negative_MS, UnitTestProjectForCalc, Version=1.0.0.0, Culture=neutral, PublicKeyToken=null" name="CheckisNegative" />
    </UnitTest>
    <UnitTest name="CheckSub" storage="unittestprojectforcalc.dll" id="c8e5d61e-c9ae-dea4-6bfb-753d821f9014">
      <Execution id="c5f81b58-a949-468f-b3d6-8a9c6084af21" />
      <TestMethod codeBase="D:/Learn/Automation/CDP/Home Task/Task4/Code/UnitTestProjectForCalc/UnitTestProjectForCalc/bin/Debug/UnitTestProjectForCalc.dll" adapterTypeName="Microsoft.VisualStudio.TestTools.TestTypes.Unit.UnitTestAdapter, Microsoft.VisualStudio.QualityTools.Tips.UnitTest.Adapter, Version=15.0.0.0, Culture=neutral, PublicKeyToken=b03f5f7f11d50a3a" className="UnitTestProjectForCalc.Sub_MS, UnitTestProjectForCalc, Version=1.0.0.0, Culture=neutral, PublicKeyToken=null" name="CheckSub" />
    </UnitTest>
    <UnitTest name="CheckSqrt" storage="unittestprojectforcalc.dll" id="74240eff-4e38-3b87-1f59-88887b4b9785">
      <Execution id="72c01af3-1ca0-487a-9938-5727167fb509" />
      <TestMethod codeBase="D:/Learn/Automation/CDP/Home Task/Task4/Code/UnitTestProjectForCalc/UnitTestProjectForCalc/bin/Debug/UnitTestProjectForCalc.dll" adapterTypeName="Microsoft.VisualStudio.TestTools.TestTypes.Unit.UnitTestAdapter, Microsoft.VisualStudio.QualityTools.Tips.UnitTest.Adapter, Version=15.0.0.0, Culture=neutral, PublicKeyToken=b03f5f7f11d50a3a" className="UnitTestProjectForCalc.Sqrt, UnitTestProjectForCalc, Version=1.0.0.0, Culture=neutral, PublicKeyToken=null" name="CheckSqrt" />
    </UnitTest>
    <UnitTest name="CheckDev" storage="unittestprojectforcalc.dll" id="89d66ad2-ce34-9cb2-943d-e289cb63e478">
      <Execution id="0c987528-dc2c-4fe3-87d3-893bfcbd01da" />
      <TestMethod codeBase="D:/Learn/Automation/CDP/Home Task/Task4/Code/UnitTestProjectForCalc/UnitTestProjectForCalc/bin/Debug/UnitTestProjectForCalc.dll" adapterTypeName="Microsoft.VisualStudio.TestTools.TestTypes.Unit.UnitTestAdapter, Microsoft.VisualStudio.QualityTools.Tips.UnitTest.Adapter, Version=15.0.0.0, Culture=neutral, PublicKeyToken=b03f5f7f11d50a3a" className="UnitTestProjectForCalc.Devide_MS, UnitTestProjectForCalc, Version=1.0.0.0, Culture=neutral, PublicKeyToken=null" name="CheckDev" />
    </UnitTest>
    <UnitTest name="CheckSin" storage="unittestprojectforcalc.dll" id="18ed01ea-5997-8232-a0a7-1bd9b6debc05">
      <Execution id="8b5ebe52-ab59-4b62-9969-0a20ebb33d43" />
      <TestMethod codeBase="D:/Learn/Automation/CDP/Home Task/Task4/Code/UnitTestProjectForCalc/UnitTestProjectForCalc/bin/Debug/UnitTestProjectForCalc.dll" adapterTypeName="Microsoft.VisualStudio.TestTools.TestTypes.Unit.UnitTestAdapter, Microsoft.VisualStudio.QualityTools.Tips.UnitTest.Adapter, Version=15.0.0.0, Culture=neutral, PublicKeyToken=b03f5f7f11d50a3a" className="UnitTestProjectForCalc.Sin_MS, UnitTestProjectForCalc, Version=1.0.0.0, Culture=neutral, PublicKeyToken=null" name="CheckSin" />
    </UnitTest>
    <UnitTest name="CheckAbs" storage="unittestprojectforcalc.dll" id="3b9ed0b2-3397-f682-ab84-bf7f159c1cc2">
      <Execution id="ab2a6c6a-1dd2-42b4-a03f-17bd0aca3f26" />
      <TestMethod codeBase="D:/Learn/Automation/CDP/Home Task/Task4/Code/UnitTestProjectForCalc/UnitTestProjectForCalc/bin/Debug/UnitTestProjectForCalc.dll" adapterTypeName="Microsoft.VisualStudio.TestTools.TestTypes.Unit.UnitTestAdapter, Microsoft.VisualStudio.QualityTools.Tips.UnitTest.Adapter, Version=15.0.0.0, Culture=neutral, PublicKeyToken=b03f5f7f11d50a3a" className="UnitTestProjectForCalc.Abs_MS, UnitTestProjectForCalc, Version=1.0.0.0, Culture=neutral, PublicKeyToken=null" name="CheckAbs" />
    </UnitTest>
    <UnitTest name="CheckPow" storage="unittestprojectforcalc.dll" id="24da2019-d022-fe71-0506-2e33c4f3c76c">
      <Execution id="ddd9c72e-1512-49db-b251-6dd01b97684c" />
      <TestMethod codeBase="D:/Learn/Automation/CDP/Home Task/Task4/Code/UnitTestProjectForCalc/UnitTestProjectForCalc/bin/Debug/UnitTestProjectForCalc.dll" adapterTypeName="Microsoft.VisualStudio.TestTools.TestTypes.Unit.UnitTestAdapter, Microsoft.VisualStudio.QualityTools.Tips.UnitTest.Adapter, Version=15.0.0.0, Culture=neutral, PublicKeyToken=b03f5f7f11d50a3a" className="UnitTestProjectForCalc.Pow_MS, UnitTestProjectForCalc, Version=1.0.0.0, Culture=neutral, PublicKeyToken=null" name="CheckPow" />
    </UnitTest>
    <UnitTest name="CheckCos" storage="unittestprojectforcalc.dll" id="cba1103f-2ed3-2c1d-31d4-d8ca13907e5e">
      <Execution id="9e9bb8ed-be2f-411d-a2fc-21bf23448784" />
      <TestMethod codeBase="D:/Learn/Automation/CDP/Home Task/Task4/Code/UnitTestProjectForCalc/UnitTestProjectForCalc/bin/Debug/UnitTestProjectForCalc.dll" adapterTypeName="Microsoft.VisualStudio.TestTools.TestTypes.Unit.UnitTestAdapter, Microsoft.VisualStudio.QualityTools.Tips.UnitTest.Adapter, Version=15.0.0.0, Culture=neutral, PublicKeyToken=b03f5f7f11d50a3a" className="UnitTestProjectForCalc.Cos_MS, UnitTestProjectForCalc, Version=1.0.0.0, Culture=neutral, PublicKeyToken=null" name="CheckCos" />
    </UnitTest>
  </TestDefinitions>
  <TestLists>
    <TestList name="Results Not in a List" id="8c84fa94-04c1-424b-9868-57a2d4851a1d" />
    <TestList name="All Loaded Results" id="19431567-8539-422a-85d7-44ee4e166bda" />
  </TestLists>
  <TestEntries>
    <TestEntry testId="3b9ed0b2-3397-f682-ab84-bf7f159c1cc2" executionId="ab2a6c6a-1dd2-42b4-a03f-17bd0aca3f26" testListId="8c84fa94-04c1-424b-9868-57a2d4851a1d" />
    <TestEntry testId="84ce72d6-b8f9-a144-6b0c-c777017cdd93" executionId="1b2f02f6-0908-4e61-902d-59dc16c7a1ee" testListId="8c84fa94-04c1-424b-9868-57a2d4851a1d" />
    <TestEntry testId="cba1103f-2ed3-2c1d-31d4-d8ca13907e5e" executionId="9e9bb8ed-be2f-411d-a2fc-21bf23448784" testListId="8c84fa94-04c1-424b-9868-57a2d4851a1d" />
    <TestEntry testId="89d66ad2-ce34-9cb2-943d-e289cb63e478" executionId="0c987528-dc2c-4fe3-87d3-893bfcbd01da" testListId="8c84fa94-04c1-424b-9868-57a2d4851a1d" />
    <TestEntry testId="a61a9794-2c3b-d950-48d2-530adb653ac7" executionId="4de92490-fa6b-4674-a086-9c8f15cd5277" testListId="8c84fa94-04c1-424b-9868-57a2d4851a1d" />
    <TestEntry testId="89903315-d2a0-776d-b116-11736ac94c37" executionId="c06aa9fb-40ff-4d89-baff-11e7e4c12763" testListId="8c84fa94-04c1-424b-9868-57a2d4851a1d" />
    <TestEntry testId="24da2019-d022-fe71-0506-2e33c4f3c76c" executionId="ddd9c72e-1512-49db-b251-6dd01b97684c" testListId="8c84fa94-04c1-424b-9868-57a2d4851a1d" />
    <TestEntry testId="18ed01ea-5997-8232-a0a7-1bd9b6debc05" executionId="8b5ebe52-ab59-4b62-9969-0a20ebb33d43" testListId="8c84fa94-04c1-424b-9868-57a2d4851a1d" />
    <TestEntry testId="74240eff-4e38-3b87-1f59-88887b4b9785" executionId="72c01af3-1ca0-487a-9938-5727167fb509" testListId="8c84fa94-04c1-424b-9868-57a2d4851a1d" />
    <TestEntry testId="c8e5d61e-c9ae-dea4-6bfb-753d821f9014" executionId="c5f81b58-a949-468f-b3d6-8a9c6084af21" testListId="8c84fa94-04c1-424b-9868-57a2d4851a1d" />
  </TestEntries>
  <Results>
    <UnitTestResult executionId="ab2a6c6a-1dd2-42b4-a03f-17bd0aca3f26" testId="3b9ed0b2-3397-f682-ab84-bf7f159c1cc2" testName="CheckAbs" computerName="EPBYMOGW0132" testType="13cdc9d9-ddb5-4fa4-a97d-d965ccfc6d4b" outcome="NotRunnable" testListId="8c84fa94-04c1-424b-9868-57a2d4851a1d" relativeResultsDirectory="ab2a6c6a-1dd2-42b4-a03f-17bd0aca3f26">
      <Output>
        <ErrorInfo>
          <Message>UTA007: Method CheckAbs defined in class UnitTestProjectForCalc.Abs_MS does not have correct signature. Test method marked with the [TestMethod] attribute must be non-static, public, does not return a value and should not take any parameter. for example: public void Test.Class1.Test().  Additionally, return-type must be Task if you are running async unit tests. Example: public async Task Test.Class1.Test2().</Message>
        </ErrorInfo>
      </Output>
    </UnitTestResult>
    <UnitTestResult executionId="1b2f02f6-0908-4e61-902d-59dc16c7a1ee" testId="84ce72d6-b8f9-a144-6b0c-c777017cdd93" testName="CheckAdd" computerName="EPBYMOGW0132" testType="13cdc9d9-ddb5-4fa4-a97d-d965ccfc6d4b" outcome="NotRunnable" testListId="8c84fa94-04c1-424b-9868-57a2d4851a1d" relativeResultsDirectory="1b2f02f6-0908-4e61-902d-59dc16c7a1ee">
      <Output>
        <ErrorInfo>
          <Message>UTA007: Method CheckAdd defined in class UnitTestProjectForCalc.Add_MS does not have correct signature. Test method marked with the [TestMethod] attribute must be non-static, public, does not return a value and should not take any parameter. for example: public void Test.Class1.Test().  Additionally, return-type must be Task if you are running async unit tests. Example: public async Task Test.Class1.Test2().</Message>
        </ErrorInfo>
      </Output>
    </UnitTestResult>
    <UnitTestResult executionId="9e9bb8ed-be2f-411d-a2fc-21bf23448784" testId="cba1103f-2ed3-2c1d-31d4-d8ca13907e5e" testName="CheckCos" computerName="EPBYMOGW0132" testType="13cdc9d9-ddb5-4fa4-a97d-d965ccfc6d4b" outcome="NotRunnable" testListId="8c84fa94-04c1-424b-9868-57a2d4851a1d" relativeResultsDirectory="9e9bb8ed-be2f-411d-a2fc-21bf23448784">
      <Output>
        <ErrorInfo>
          <Message>UTA007: Method CheckCos defined in class UnitTestProjectForCalc.Cos_MS does not have correct signature. Test method marked with the [TestMethod] attribute must be non-static, public, does not return a value and should not take any parameter. for example: public void Test.Class1.Test().  Additionally, return-type must be Task if you are running async unit tests. Example: public async Task Test.Class1.Test2().</Message>
        </ErrorInfo>
      </Output>
    </UnitTestResult>
    <UnitTestResult executionId="0c987528-dc2c-4fe3-87d3-893bfcbd01da" testId="89d66ad2-ce34-9cb2-943d-e289cb63e478" testName="CheckDev" computerName="EPBYMOGW0132" testType="13cdc9d9-ddb5-4fa4-a97d-d965ccfc6d4b" outcome="NotRunnable" testListId="8c84fa94-04c1-424b-9868-57a2d4851a1d" relativeResultsDirectory="0c987528-dc2c-4fe3-87d3-893bfcbd01da">
      <Output>
        <ErrorInfo>
          <Message>UTA007: Method CheckDev defined in class UnitTestProjectForCalc.Devide_MS does not have correct signature. Test method marked with the [TestMethod] attribute must be non-static, public, does not return a value and should not take any parameter. for example: public void Test.Class1.Test().  Additionally, return-type must be Task if you are running async unit tests. Example: public async Task Test.Class1.Test2().</Message>
        </ErrorInfo>
      </Output>
    </UnitTestResult>
    <UnitTestResult executionId="4de92490-fa6b-4674-a086-9c8f15cd5277" testId="a61a9794-2c3b-d950-48d2-530adb653ac7" testName="CheckMultiply" computerName="EPBYMOGW0132" testType="13cdc9d9-ddb5-4fa4-a97d-d965ccfc6d4b" outcome="NotRunnable" testListId="8c84fa94-04c1-424b-9868-57a2d4851a1d" relativeResultsDirectory="4de92490-fa6b-4674-a086-9c8f15cd5277">
      <Output>
        <ErrorInfo>
          <Message>UTA007: Method CheckMultiply defined in class UnitTestProjectForCalc.Multiply_MS does not have correct signature. Test method marked with the [TestMethod] attribute must be non-static, public, does not return a value and should not take any parameter. for example: public void Test.Class1.Test().  Additionally, return-type must be Task if you are running async unit tests. Example: public async Task Test.Class1.Test2().</Message>
        </ErrorInfo>
      </Output>
    </UnitTestResult>
    <UnitTestResult executionId="c06aa9fb-40ff-4d89-baff-11e7e4c12763" testId="89903315-d2a0-776d-b116-11736ac94c37" testName="CheckisNegative" computerName="EPBYMOGW0132" testType="13cdc9d9-ddb5-4fa4-a97d-d965ccfc6d4b" outcome="NotRunnable" testListId="8c84fa94-04c1-424b-9868-57a2d4851a1d" relativeResultsDirectory="c06aa9fb-40ff-4d89-baff-11e7e4c12763">
      <Output>
        <ErrorInfo>
          <Message>UTA007: Method CheckisNegative defined in class UnitTestProjectForCalc.Negative_MS does not have correct signature. Test method marked with the [TestMethod] attribute must be non-static, public, does not return a value and should not take any parameter. for example: public void Test.Class1.Test().  Additionally, return-type must be Task if you are running async unit tests. Example: public async Task Test.Class1.Test2().</Message>
        </ErrorInfo>
      </Output>
    </UnitTestResult>
    <UnitTestResult executionId="ddd9c72e-1512-49db-b251-6dd01b97684c" testId="24da2019-d022-fe71-0506-2e33c4f3c76c" testName="CheckPow" computerName="EPBYMOGW0132" testType="13cdc9d9-ddb5-4fa4-a97d-d965ccfc6d4b" outcome="NotRunnable" testListId="8c84fa94-04c1-424b-9868-57a2d4851a1d" relativeResultsDirectory="ddd9c72e-1512-49db-b251-6dd01b97684c">
      <Output>
        <ErrorInfo>
          <Message>UTA007: Method CheckPow defined in class UnitTestProjectForCalc.Pow_MS does not have correct signature. Test method marked with the [TestMethod] attribute must be non-static, public, does not return a value and should not take any parameter. for example: public void Test.Class1.Test().  Additionally, return-type must be Task if you are running async unit tests. Example: public async Task Test.Class1.Test2().</Message>
        </ErrorInfo>
      </Output>
    </UnitTestResult>
    <UnitTestResult executionId="8b5ebe52-ab59-4b62-9969-0a20ebb33d43" testId="18ed01ea-5997-8232-a0a7-1bd9b6debc05" testName="CheckSin" computerName="EPBYMOGW0132" testType="13cdc9d9-ddb5-4fa4-a97d-d965ccfc6d4b" outcome="NotRunnable" testListId="8c84fa94-04c1-424b-9868-57a2d4851a1d" relativeResultsDirectory="8b5ebe52-ab59-4b62-9969-0a20ebb33d43">
      <Output>
        <ErrorInfo>
          <Message>UTA007: Method CheckSin defined in class UnitTestProjectForCalc.Sin_MS does not have correct signature. Test method marked with the [TestMethod] attribute must be non-static, public, does not return a value and should not take any parameter. for example: public void Test.Class1.Test().  Additionally, return-type must be Task if you are running async unit tests. Example: public async Task Test.Class1.Test2().</Message>
        </ErrorInfo>
      </Output>
    </UnitTestResult>
    <UnitTestResult executionId="72c01af3-1ca0-487a-9938-5727167fb509" testId="74240eff-4e38-3b87-1f59-88887b4b9785" testName="CheckSqrt" computerName="EPBYMOGW0132" testType="13cdc9d9-ddb5-4fa4-a97d-d965ccfc6d4b" outcome="NotRunnable" testListId="8c84fa94-04c1-424b-9868-57a2d4851a1d" relativeResultsDirectory="72c01af3-1ca0-487a-9938-5727167fb509">
      <Output>
        <ErrorInfo>
          <Message>UTA007: Method CheckSqrt defined in class UnitTestProjectForCalc.Sqrt does not have correct signature. Test method marked with the [TestMethod] attribute must be non-static, public, does not return a value and should not take any parameter. for example: public void Test.Class1.Test().  Additionally, return-type must be Task if you are running async unit tests. Example: public async Task Test.Class1.Test2().</Message>
        </ErrorInfo>
      </Output>
    </UnitTestResult>
    <UnitTestResult executionId="c5f81b58-a949-468f-b3d6-8a9c6084af21" testId="c8e5d61e-c9ae-dea4-6bfb-753d821f9014" testName="CheckSub" computerName="EPBYMOGW0132" testType="13cdc9d9-ddb5-4fa4-a97d-d965ccfc6d4b" outcome="NotRunnable" testListId="8c84fa94-04c1-424b-9868-57a2d4851a1d" relativeResultsDirectory="c5f81b58-a949-468f-b3d6-8a9c6084af21">
      <Output>
        <ErrorInfo>
          <Message>UTA007: Method CheckSub defined in class UnitTestProjectForCalc.Sub_MS does not have correct signature. Test method marked with the [TestMethod] attribute must be non-static, public, does not return a value and should not take any parameter. for example: public void Test.Class1.Test().  Additionally, return-type must be Task if you are running async unit tests. Example: public async Task Test.Class1.Test2().</Message>
        </ErrorInfo>
      </Output>
    </UnitTestResult>
  </Results>
</TestRun>